#
# A fatal error has been detected by the Java Runtime Environment:
#
#  SIGSEGV (0xb) at pc=0x000000012e444b14, pid=30574, tid=0x0000000000002603
#
# JRE version: Java(TM) SE Runtime Environment (8.0_171-b11) (build 1.8.0_171-b11)
# Java VM: Java HotSpot(TM) 64-Bit Server VM (25.171-b11 mixed mode bsd-amd64 compressed oops)
# Problematic frame:
# C  [libleveldbjni-64-1-804858072929071506.8+0x1b14]  Java_org_fusesource_leveldbjni_internal_NativeIterator_00024IteratorJNI_Valid+0x4
#
# Failed to write core dump. Core dumps have been disabled. To enable core dumping, try "ulimit -c unlimited" before starting Java again
#
# If you would like to submit a bug report, please visit:
#   http://bugreport.java.com/bugreport/crash.jsp
# The crash happened outside the Java Virtual Machine in native code.
# See problematic frame for where to report the bug.
#

---------------  T H R E A D  ---------------

Current thread (0x00007fe7af006800):  JavaThread "main" [_thread_in_native, id=9731, stack(0x0000700008207000,0x0000700008307000)]

siginfo: si_signo: 11 (SIGSEGV), si_code: 1 (SEGV_MAPERR), si_addr: 0x0000000000000000

Registers:
RAX=0x000000012e444b10, RBX=0x000000012e268e98, RCX=0x0000000000000098, RDX=0x0000000000000000
RSP=0x0000700008306270, RBP=0x0000700008306270, RSI=0x00007000083062e0, RDI=0x00007fe7af0069f8
R8 =0x00007fe7afb18448, R9 =0x00007fe7afb18480, R10=0x000000011458263b, R11=0x000000010f3148f7
R12=0x0000000000000000, R13=0x000000012e268e90, R14=0x00007000083062f8, R15=0x00007fe7af006800
RIP=0x000000012e444b14, EFLAGS=0x0000000000010212, ERR=0x0000000000000004
  TRAPNO=0x000000000000000e

Top of Stack: (sp=0x0000700008306270)
0x0000700008306270:   00007000083062d0 0000000114582667
0x0000700008306280:   0000000000000000 0000000000000000
0x0000700008306290:   0000700008306290 0000000000000000
0x00007000083062a0:   00007000083062f8 000000012e269608
0x00007000083062b0:   0000000000000000 000000012e268e98
0x00007000083062c0:   0000000000000000 00007000083062f0
0x00007000083062d0:   0000700008306340 0000000114571a90
0x00007000083062e0:   000000076d60ca18 000000011457bd00
0x00007000083062f0:   0000000000000000 000000076d63bdf8
0x0000700008306300:   0000700008306300 000000012e267ca8
0x0000700008306310:   0000700008306350 000000012e2685e0
0x0000700008306320:   0000000000000000 000000012e267cc0
0x0000700008306330:   00007000083062f0 0000700008306350
0x0000700008306340:   0000700008306398 0000000114571a90
0x0000700008306350:   000000076d63bdf8 0000700008306358
0x0000700008306360:   000000012e26631c 00007000083063a8
0x0000700008306370:   000000012e266928 0000000000000000
0x0000700008306380:   000000012e266338 0000700008306350
0x0000700008306390:   00007000083063a8 00007000083063f0
0x00007000083063a0:   0000000114571ad5 000000076d63bdd0
0x00007000083063b0:   00007000083063b0 000000012e26c64b
0x00007000083063c0:   0000700008306410 000000012e26ca68
0x00007000083063d0:   0000000000000000 000000012e26c6b0
0x00007000083063e0:   00007000083063a8 0000700008306410
0x00007000083063f0:   0000700008306458 0000000114571ad5
0x0000700008306400:   0000000000000000 0000000000000000
0x0000700008306410:   000000076d63bda0 0000700008306418
0x0000700008306420:   000000012e25b58f 0000700008306498
0x0000700008306430:   000000012e25ba70 0000000000000000
0x0000700008306440:   000000012e25b628 0000700008306410
0x0000700008306450:   0000700008306498 00007000083064e0
0x0000700008306460:   0000000114572114 0000000000000000 

Instructions: (pc=0x000000012e444b14)
0x000000012e444af4:   48 8b 02 48 89 d7 5d ff 60 18 66 90 55 48 89 e5
0x000000012e444b04:   48 8b 02 48 89 d7 5d ff 60 20 66 90 55 48 89 e5
0x000000012e444b14:   48 8b 02 48 89 d7 ff 50 10 0f b6 c0 5d c3 0f 1f
0x000000012e444b24:   80 00 00 00 00 0f 1f 80 00 00 00 00 55 48 89 e5 

Register to memory mapping:

RAX=0x000000012e444b10: Java_org_fusesource_leveldbjni_internal_NativeIterator_00024IteratorJNI_Valid+0 in /private/var/folders/z9/z27bnv0x2hgctcfzyds_rsmr0000gn/T/libleveldbjni-64-1-804858072929071506.8 at 0x000000012e443000
RBX={method} {0x000000012e268e98} 'Valid' '(J)Z' in 'org/fusesource/leveldbjni/internal/NativeIterator$IteratorJNI'
RCX=0x0000000000000098 is an unknown value
RDX=0x0000000000000000 is an unknown value
RSP=0x0000700008306270 is pointing into the stack for thread: 0x00007fe7af006800
RBP=0x0000700008306270 is pointing into the stack for thread: 0x00007fe7af006800
RSI=0x00007000083062e0 is pointing into the stack for thread: 0x00007fe7af006800
RDI=0x00007fe7af0069f8 is an unknown value
R8 =0x00007fe7afb18448 is an unknown value
R9 =0x00007fe7afb18480 is an unknown value
R10=0x000000011458263b is at code_begin+859 in an Interpreter codelet
method entry point (kind = native)  [0x00000001145822e0, 0x0000000114582c40]  2400 bytes
R11=0x000000010f3148f7: throw_unsatisfied_link_error+0 in /Library/Java/JavaVirtualMachines/jdk1.8.0_171.jdk/Contents/Home/jre/lib/server/libjvm.dylib at 0x000000010ee2d000
R12=0x0000000000000000 is an unknown value
R13=0x000000012e268e90 is pointing into metadata
R14=0x00007000083062f8 is pointing into the stack for thread: 0x00007fe7af006800
R15=0x00007fe7af006800 is a thread


Stack: [0x0000700008207000,0x0000700008307000],  sp=0x0000700008306270,  free space=1020k
Native frames: (J=compiled Java code, j=interpreted, Vv=VM code, C=native code)
C  [libleveldbjni-64-1-804858072929071506.8+0x1b14]  Java_org_fusesource_leveldbjni_internal_NativeIterator_00024IteratorJNI_Valid+0x4
j  org.fusesource.leveldbjni.internal.NativeIterator$IteratorJNI.Valid(J)Z+0
j  org.fusesource.leveldbjni.internal.NativeIterator.isValid()Z+8
j  org.fusesource.leveldbjni.internal.JniDBIterator.hasNext()Z+4
j  org.tron.core.db.common.iterator.StoreIterator.hasNext()Z+27
j  java.util.Spliterators$IteratorSpliterator.trySplit()Ljava/util/Spliterator;+55
j  java.util.stream.ForEachOps$ForEachTask.compute()V+85
j  java.util.concurrent.CountedCompleter.exec()Z+1
j  java.util.concurrent.ForkJoinTask.doExec()I+10
j  java.util.concurrent.ForkJoinTask.doInvoke()I+1
j  java.util.concurrent.ForkJoinTask.invoke()Ljava/lang/Object;+1
j  java.util.stream.ForEachOps$ForEachOp.evaluateParallel(Ljava/util/stream/PipelineHelper;Ljava/util/Spliterator;)Ljava/lang/Void;+38
j  java.util.stream.ForEachOps$ForEachOp$OfRef.evaluateParallel(Ljava/util/stream/PipelineHelper;Ljava/util/Spliterator;)Ljava/lang/Object;+3
j  java.util.stream.AbstractPipeline.evaluate(Ljava/util/stream/TerminalOp;)Ljava/lang/Object;+68
j  java.util.stream.ReferencePipeline.forEach(Ljava/util/function/Consumer;)V+6
j  java.util.stream.ReferencePipeline$Head.forEach(Ljava/util/function/Consumer;)V+22
j  org.tron.program.Check.main([Ljava/lang/String;)V+87
v  ~StubRoutines::call_stub
V  [libjvm.dylib+0x2ef1f6]
V  [libjvm.dylib+0x326185]
V  [libjvm.dylib+0x31ef11]
C  [java+0x38ca]  JavaMain+0x9c4
C  [libsystem_pthread.dylib+0x36c1]  _pthread_body+0x154
C  [libsystem_pthread.dylib+0x356d]  _pthread_body+0x0
C  [libsystem_pthread.dylib+0x2c5d]  thread_start+0xd
C  0x0000000000000000

Java frames: (J=compiled Java code, j=interpreted, Vv=VM code)
j  org.fusesource.leveldbjni.internal.NativeIterator$IteratorJNI.Valid(J)Z+0
j  org.fusesource.leveldbjni.internal.NativeIterator.isValid()Z+8
j  org.fusesource.leveldbjni.internal.JniDBIterator.hasNext()Z+4
j  org.tron.core.db.common.iterator.StoreIterator.hasNext()Z+27
j  java.util.Spliterators$IteratorSpliterator.trySplit()Ljava/util/Spliterator;+55
j  java.util.stream.ForEachOps$ForEachTask.compute()V+85
j  java.util.concurrent.CountedCompleter.exec()Z+1
j  java.util.concurrent.ForkJoinTask.doExec()I+10
j  java.util.concurrent.ForkJoinTask.doInvoke()I+1
j  java.util.concurrent.ForkJoinTask.invoke()Ljava/lang/Object;+1
j  java.util.stream.ForEachOps$ForEachOp.evaluateParallel(Ljava/util/stream/PipelineHelper;Ljava/util/Spliterator;)Ljava/lang/Void;+38
j  java.util.stream.ForEachOps$ForEachOp$OfRef.evaluateParallel(Ljava/util/stream/PipelineHelper;Ljava/util/Spliterator;)Ljava/lang/Object;+3
j  java.util.stream.AbstractPipeline.evaluate(Ljava/util/stream/TerminalOp;)Ljava/lang/Object;+68
j  java.util.stream.ReferencePipeline.forEach(Ljava/util/function/Consumer;)V+6
j  java.util.stream.ReferencePipeline$Head.forEach(Ljava/util/function/Consumer;)V+22
j  org.tron.program.Check.main([Ljava/lang/String;)V+87
v  ~StubRoutines::call_stub

---------------  P R O C E S S  ---------------

Java Threads: ( => current thread )
  0x00007fe7b202a800 JavaThread "ForkJoinPool.commonPool-worker-1" daemon [_thread_in_vm, id=41987, stack(0x0000700009874000,0x0000700009974000)]
  0x00007fe7b01cc800 JavaThread "process reaper" daemon [_thread_blocked, id=42499, stack(0x0000700009849000,0x0000700009871000)]
  0x00007fe7b0a59000 JavaThread "Keep-Alive-Timer" daemon [_thread_blocked, id=42755, stack(0x0000700009746000,0x0000700009846000)]
  0x00007fe7ae96c800 JavaThread "AsyncAppender-Worker-ASYNC" daemon [_thread_blocked, id=43011, stack(0x0000700009643000,0x0000700009743000)]
  0x00007fe7b0a24000 JavaThread "Service Thread" daemon [_thread_blocked, id=21763, stack(0x000070000943d000,0x000070000953d000)]
  0x00007fe7b1820800 JavaThread "C1 CompilerThread3" daemon [_thread_blocked, id=15875, stack(0x000070000933a000,0x000070000943a000)]
  0x00007fe7b0152800 JavaThread "C2 CompilerThread2" daemon [_thread_blocked, id=16387, stack(0x0000700009237000,0x0000700009337000)]
  0x00007fe7b0151800 JavaThread "C2 CompilerThread1" daemon [_thread_in_native, id=16643, stack(0x0000700009134000,0x0000700009234000)]
  0x00007fe7b0151000 JavaThread "C2 CompilerThread0" daemon [_thread_blocked, id=16899, stack(0x0000700009031000,0x0000700009131000)]
  0x00007fe7b0147800 JavaThread "Monitor Ctrl-Break" daemon [_thread_in_native, id=17155, stack(0x0000700008f2e000,0x000070000902e000)]
  0x00007fe7b1006800 JavaThread "Signal Dispatcher" daemon [_thread_blocked, id=17411, stack(0x0000700008e2b000,0x0000700008f2b000)]
  0x00007fe7ae863000 JavaThread "Finalizer" daemon [_thread_blocked, id=12547, stack(0x0000700008d28000,0x0000700008e28000)]
  0x00007fe7b2800000 JavaThread "Reference Handler" daemon [_thread_blocked, id=12291, stack(0x0000700008c25000,0x0000700008d25000)]
=>0x00007fe7af006800 JavaThread "main" [_thread_in_native, id=9731, stack(0x0000700008207000,0x0000700008307000)]

Other Threads:
  0x00007fe7ae85c800 VMThread [stack: 0x0000700008b22000,0x0000700008c22000] [id=11779]
  0x00007fe7b0153000 WatcherThread [stack: 0x0000700009540000,0x0000700009640000] [id=22275]

VM state:not at safepoint (normal execution)

VM Mutex/Monitor currently owned by a thread: None

Heap:
 PSYoungGen      total 76288K, used 45936K [0x000000076ab00000, 0x0000000770000000, 0x00000007c0000000)
  eden space 65536K, 70% used [0x000000076ab00000,0x000000076d7dc090,0x000000076eb00000)
  from space 10752K, 0% used [0x000000076f580000,0x000000076f580000,0x0000000770000000)
  to   space 10752K, 0% used [0x000000076eb00000,0x000000076eb00000,0x000000076f580000)
 ParOldGen       total 175104K, used 0K [0x00000006c0000000, 0x00000006cab00000, 0x000000076ab00000)
  object space 175104K, 0% used [0x00000006c0000000,0x00000006c0000000,0x00000006cab00000)
 Metaspace       used 11754K, capacity 11978K, committed 12288K, reserved 1060864K
  class space    used 1403K, capacity 1477K, committed 1536K, reserved 1048576K

Card table byte_map: [0x000000011128a000,0x0000000111a8b000] byte_map_base: 0x000000010dc8a000

Marking Bits: (ParMarkBitMap*) 0x000000010f7246e0
 Begin Bits: [0x000000012356a000, 0x000000012756a000)
 End Bits:   [0x000000012756a000, 0x000000012b56a000)

Polling page: 0x000000010fde9000

CodeCache: size=245760Kb used=3456Kb max_used=3473Kb free=242303Kb
 bounds [0x000000011456a000, 0x00000001148da000, 0x000000012356a000]
 total_blobs=1307 nmethods=959 adapters=262
 compilation: enabled

Compilation events (10 events):
Event: 1.656 Thread 0x00007fe7b0152800 nmethod 947 0x00000001148bcd90 code [0x00000001148bcf00, 0x00000001148bd368]
Event: 1.656 Thread 0x00007fe7b0152800  949   !   4       sun.misc.URLClassPath$JarLoader::ensureOpen (36 bytes)
Event: 1.656 Thread 0x00007fe7b1820800  950       3       java.nio.Buffer::position (43 bytes)
Event: 1.656 Thread 0x00007fe7b1820800 nmethod 950 0x00000001148b1dd0 code [0x00000001148b1f40, 0x00000001148b2208]
Event: 1.657 Thread 0x00007fe7b1820800  951       3       java.util.concurrent.locks.AbstractOwnableSynchronizer::setExclusiveOwnerThread (6 bytes)
Event: 1.658 Thread 0x00007fe7b1820800 nmethod 951 0x00000001148b1a50 code [0x00000001148b1ba0, 0x00000001148b1d10]
Event: 1.659 Thread 0x00007fe7b0152800 nmethod 949 0x00000001148bb150 code [0x00000001148bb2c0, 0x00000001148bb408]
Event: 1.667 Thread 0x00007fe7b1820800  952       3       java.lang.Class::checkMemberAccess (49 bytes)
Event: 1.667 Thread 0x00007fe7b0151000 nmethod 948 0x00000001148aaed0 code [0x00000001148ab040, 0x00000001148ab578]
Event: 1.667 Thread 0x00007fe7b1820800 nmethod 952 0x00000001148aa610 code [0x00000001148aa7c0, 0x00000001148aad18]

GC Heap History (0 events):
No events

Deoptimization events (10 events):
Event: 0.759 Thread 0x00007fe7af006800 Uncommon trap: reason=unstable_if action=reinterpret pc=0x000000011474755c method=java.lang.AbstractStringBuilder.append(Ljava/lang/String;)Ljava/lang/AbstractStringBuilder; @ 1
Event: 0.816 Thread 0x00007fe7af006800 Uncommon trap: reason=class_check action=maybe_recompile pc=0x0000000114811044 method=java.util.AbstractCollection.isEmpty()Z @ 1
Event: 0.816 Thread 0x00007fe7af006800 Uncommon trap: reason=class_check action=maybe_recompile pc=0x0000000114811044 method=java.util.AbstractCollection.isEmpty()Z @ 1
Event: 0.817 Thread 0x00007fe7af006800 Uncommon trap: reason=class_check action=maybe_recompile pc=0x0000000114811044 method=java.util.AbstractCollection.isEmpty()Z @ 1
Event: 0.818 Thread 0x00007fe7af006800 Uncommon trap: reason=class_check action=maybe_recompile pc=0x0000000114811044 method=java.util.AbstractCollection.isEmpty()Z @ 1
Event: 0.962 Thread 0x00007fe7af006800 Uncommon trap: reason=unstable_if action=reinterpret pc=0x00000001146d5130 method=java.lang.String.indexOf([CII[CIII)I @ 3
Event: 1.555 Thread 0x00007fe7af006800 Uncommon trap: reason=class_check action=maybe_recompile pc=0x000000011480e884 method=com.typesafe.config.impl.Tokenizer$TokenIterator.nextCharRaw()I @ 14
Event: 1.555 Thread 0x00007fe7af006800 Uncommon trap: reason=class_check action=maybe_recompile pc=0x000000011480e884 method=com.typesafe.config.impl.Tokenizer$TokenIterator.nextCharRaw()I @ 14
Event: 1.555 Thread 0x00007fe7af006800 Uncommon trap: reason=class_check action=maybe_recompile pc=0x000000011480e884 method=com.typesafe.config.impl.Tokenizer$TokenIterator.nextCharRaw()I @ 14
Event: 1.555 Thread 0x00007fe7af006800 Uncommon trap: reason=class_check action=maybe_recompile pc=0x000000011480e884 method=com.typesafe.config.impl.Tokenizer$TokenIterator.nextCharRaw()I @ 14

Classes redefined (0 events):
No events

Internal exceptions (10 events):
Event: 0.262 Thread 0x00007fe7af006800 Exception <a 'java/security/PrivilegedActionException'> (0x000000076aeaa450) thrown at [/Users/java_re/workspace/8-2-build-macosx-x86_64/jdk8u171/10807/hotspot/src/share/vm/prims/jvm.cpp, line 1435]
Event: 0.262 Thread 0x00007fe7af006800 Exception <a 'java/security/PrivilegedActionException'> (0x000000076aead780) thrown at [/Users/java_re/workspace/8-2-build-macosx-x86_64/jdk8u171/10807/hotspot/src/share/vm/prims/jvm.cpp, line 1435]
Event: 0.263 Thread 0x00007fe7af006800 Exception <a 'java/security/PrivilegedActionException'> (0x000000076aead990) thrown at [/Users/java_re/workspace/8-2-build-macosx-x86_64/jdk8u171/10807/hotspot/src/share/vm/prims/jvm.cpp, line 1435]
Event: 0.319 Thread 0x00007fe7af006800 Exception <a 'java/io/FileNotFoundException'> (0x000000076b35fe90) thrown at [/Users/java_re/workspace/8-2-build-macosx-x86_64/jdk8u171/10807/hotspot/src/share/vm/prims/jni.cpp, line 709]
Event: 0.757 Thread 0x00007fe7af006800 Implicit null exception at 0x0000000114753eb5 to 0x00000001147542bd
Event: 0.759 Thread 0x00007fe7af006800 Implicit null exception at 0x0000000114747134 to 0x0000000114747545
Event: 0.890 Thread 0x00007fe7af006800 Exception <a 'java/lang/NoSuchFieldError': method resolution failed> (0x000000076cf78e40) thrown at [/Users/java_re/workspace/8-2-build-macosx-x86_64/jdk8u171/10807/hotspot/src/share/vm/prims/methodHandles.cpp, line 1167]
Event: 0.893 Thread 0x00007fe7af006800 Exception <a 'java/lang/NoSuchFieldError': method resolution failed> (0x000000076cf869d0) thrown at [/Users/java_re/workspace/8-2-build-macosx-x86_64/jdk8u171/10807/hotspot/src/share/vm/prims/methodHandles.cpp, line 1167]
Event: 0.987 Thread 0x00007fe7af006800 Exception <a 'java/lang/NoSuchMethodError': org.slf4j.impl.StaticMDCBinder.getSingleton()Lorg/slf4j/impl/StaticMDCBinder;> (0x000000076d20db70) thrown at [/Users/java_re/workspace/8-2-build-macosx-x86_64/jdk8u171/10807/hotspot/src/share/vm/interpreter/lin
Event: 1.579 Thread 0x00007fe7af006800 Exception <a 'sun/nio/fs/UnixException'> (0x000000076d2fd360) thrown at [/Users/java_re/workspace/8-2-build-macosx-x86_64/jdk8u171/10807/hotspot/src/share/vm/prims/jni.cpp, line 709]

Events (10 events):
Event: 1.666 loading class java/util/concurrent/ForkJoinWorkerThread done
Event: 1.667 loading class java/util/concurrent/ForkJoinPool$DefaultForkJoinWorkerThreadFactory
Event: 1.667 loading class java/util/concurrent/ForkJoinPool$DefaultForkJoinWorkerThreadFactory done
Event: 1.667 loading class java/util/concurrent/ForkJoinPool$1
Event: 1.667 loading class java/util/concurrent/ForkJoinPool$1 done
Event: 1.667 loading class java/util/Spliterators$ArraySpliterator
Event: 1.667 loading class java/util/Spliterators$ArraySpliterator done
Event: 1.667 loading class java/util/concurrent/ThreadLocalRandom
Event: 1.668 loading class java/util/concurrent/ThreadLocalRandom done
Event: 1.668 Thread 0x00007fe7b202a800 Thread added: 0x00007fe7b202a800


Dynamic libraries:
0x0000000023ef1000 	/System/Library/Frameworks/Cocoa.framework/Versions/A/Cocoa
0x0000000023ef1000 	/System/Library/Frameworks/Security.framework/Versions/A/Security
0x0000000023ef1000 	/System/Library/Frameworks/ApplicationServices.framework/Versions/A/ApplicationServices
0x0000000023ef1000 	/usr/lib/libz.1.dylib
0x0000000023ef1000 	/usr/lib/libSystem.B.dylib
0x0000000023ef1000 	/usr/lib/libobjc.A.dylib
0x0000000023ef1000 	/System/Library/Frameworks/CoreFoundation.framework/Versions/A/CoreFoundation
0x0000000023ef1000 	/System/Library/Frameworks/Foundation.framework/Versions/C/Foundation
0x0000000023ef1000 	/System/Library/Frameworks/AppKit.framework/Versions/C/AppKit
0x0000000023ef1000 	/System/Library/Frameworks/CoreData.framework/Versions/A/CoreData
0x0000000023ef1000 	/System/Library/PrivateFrameworks/RemoteViewServices.framework/Versions/A/RemoteViewServices
0x0000000023ef1000 	/System/Library/PrivateFrameworks/UIFoundation.framework/Versions/A/UIFoundation
0x0000000023ef1000 	/System/Library/PrivateFrameworks/DFRFoundation.framework/Versions/A/DFRFoundation
0x0000000023ef1000 	/System/Library/Frameworks/Metal.framework/Versions/A/Metal
0x0000000023ef1000 	/System/Library/PrivateFrameworks/DesktopServicesPriv.framework/Versions/A/DesktopServicesPriv
0x0000000023ef1000 	/usr/lib/libenergytrace.dylib
0x0000000023ef1000 	/System/Library/PrivateFrameworks/SkyLight.framework/Versions/A/SkyLight
0x0000000023ef1000 	/System/Library/Frameworks/CoreGraphics.framework/Versions/A/CoreGraphics
0x0000000023ef1000 	/usr/lib/libScreenReader.dylib
0x0000000023ef1000 	/System/Library/Frameworks/Accelerate.framework/Versions/A/Accelerate
0x0000000023ef1000 	/System/Library/Frameworks/IOSurface.framework/Versions/A/IOSurface
0x0000000023ef1000 	/System/Library/Frameworks/AudioToolbox.framework/Versions/A/AudioToolbox
0x0000000023ef1000 	/System/Library/Frameworks/AudioUnit.framework/Versions/A/AudioUnit
0x0000000023ef1000 	/System/Library/PrivateFrameworks/DataDetectorsCore.framework/Versions/A/DataDetectorsCore
0x0000000023ef1000 	/System/Library/Frameworks/Carbon.framework/Versions/A/Frameworks/HIToolbox.framework/Versions/A/HIToolbox
0x0000000023ef1000 	/usr/lib/libicucore.A.dylib
0x0000000023ef1000 	/System/Library/Frameworks/QuartzCore.framework/Versions/A/QuartzCore
0x0000000023ef1000 	/System/Library/Frameworks/Carbon.framework/Versions/A/Frameworks/SpeechRecognition.framework/Versions/A/SpeechRecognition
0x0000000023ef1000 	/usr/lib/libauto.dylib
0x0000000023ef1000 	/usr/lib/libxml2.2.dylib
0x0000000023ef1000 	/System/Library/PrivateFrameworks/CoreUI.framework/Versions/A/CoreUI
0x0000000023ef1000 	/System/Library/Frameworks/CoreAudio.framework/Versions/A/CoreAudio
0x0000000023ef1000 	/System/Library/Frameworks/DiskArbitration.framework/Versions/A/DiskArbitration
0x0000000023ef1000 	/usr/lib/liblangid.dylib
0x0000000023ef1000 	/System/Library/PrivateFrameworks/MultitouchSupport.framework/Versions/A/MultitouchSupport
0x0000000023ef1000 	/System/Library/Frameworks/IOKit.framework/Versions/A/IOKit
0x0000000023ef1000 	/usr/lib/libDiagnosticMessagesClient.dylib
0x0000000023ef1000 	/System/Library/Frameworks/CoreServices.framework/Versions/A/CoreServices
0x0000000023ef1000 	/System/Library/PrivateFrameworks/PerformanceAnalysis.framework/Versions/A/PerformanceAnalysis
0x0000000023ef1000 	/System/Library/Frameworks/OpenGL.framework/Versions/A/OpenGL
0x0000000023ef1000 	/System/Library/Frameworks/ColorSync.framework/Versions/A/ColorSync
0x0000000023ef1000 	/System/Library/Frameworks/CoreImage.framework/Versions/A/CoreImage
0x0000000023ef1000 	/System/Library/Frameworks/CoreText.framework/Versions/A/CoreText
0x0000000023ef1000 	/System/Library/Frameworks/ImageIO.framework/Versions/A/ImageIO
0x0000000023ef1000 	/System/Library/PrivateFrameworks/Backup.framework/Versions/A/Backup
0x0000000023ef1000 	/usr/lib/libarchive.2.dylib
0x0000000023ef1000 	/System/Library/Frameworks/CFNetwork.framework/Versions/A/CFNetwork
0x0000000023ef1000 	/System/Library/Frameworks/SystemConfiguration.framework/Versions/A/SystemConfiguration
0x0000000023ef1000 	/usr/lib/libCRFSuite.dylib
0x0000000023ef1000 	/usr/lib/libc++.1.dylib
0x0000000023ef1000 	/usr/lib/libc++abi.dylib
0x0000000023ef1000 	/usr/lib/system/libcache.dylib
0x0000000023ef1000 	/usr/lib/system/libcommonCrypto.dylib
0x0000000023ef1000 	/usr/lib/system/libcompiler_rt.dylib
0x0000000023ef1000 	/usr/lib/system/libcopyfile.dylib
0x0000000023ef1000 	/usr/lib/system/libcorecrypto.dylib
0x0000000023ef1000 	/usr/lib/system/libdispatch.dylib
0x0000000023ef1000 	/usr/lib/system/libdyld.dylib
0x0000000023ef1000 	/usr/lib/system/libkeymgr.dylib
0x0000000023ef1000 	/usr/lib/system/liblaunch.dylib
0x0000000023ef1000 	/usr/lib/system/libmacho.dylib
0x0000000023ef1000 	/usr/lib/system/libquarantine.dylib
0x0000000023ef1000 	/usr/lib/system/libremovefile.dylib
0x0000000023ef1000 	/usr/lib/system/libsystem_asl.dylib
0x0000000023ef1000 	/usr/lib/system/libsystem_blocks.dylib
0x0000000023ef1000 	/usr/lib/system/libsystem_c.dylib
0x0000000023ef1000 	/usr/lib/system/libsystem_configuration.dylib
0x0000000023ef1000 	/usr/lib/system/libsystem_coreservices.dylib
0x0000000023ef1000 	/usr/lib/system/libsystem_darwin.dylib
0x0000000023ef1000 	/usr/lib/system/libsystem_dnssd.dylib
0x0000000023ef1000 	/usr/lib/system/libsystem_info.dylib
0x0000000023ef1000 	/usr/lib/system/libsystem_m.dylib
0x0000000023ef1000 	/usr/lib/system/libsystem_malloc.dylib
0x0000000023ef1000 	/usr/lib/system/libsystem_network.dylib
0x0000000023ef1000 	/usr/lib/system/libsystem_networkextension.dylib
0x0000000023ef1000 	/usr/lib/system/libsystem_notify.dylib
0x0000000023ef1000 	/usr/lib/system/libsystem_sandbox.dylib
0x0000000023ef1000 	/usr/lib/system/libsystem_secinit.dylib
0x0000000023ef1000 	/usr/lib/system/libsystem_kernel.dylib
0x0000000023ef1000 	/usr/lib/system/libsystem_platform.dylib
0x0000000023ef1000 	/usr/lib/system/libsystem_pthread.dylib
0x0000000023ef1000 	/usr/lib/system/libsystem_symptoms.dylib
0x0000000023ef1000 	/usr/lib/system/libsystem_trace.dylib
0x0000000023ef1000 	/usr/lib/system/libunwind.dylib
0x0000000023ef1000 	/usr/lib/system/libxpc.dylib
0x0000000023ef1000 	/usr/lib/closure/libclosured.dylib
0x0000000023ef1000 	/usr/lib/libbsm.0.dylib
0x0000000023ef1000 	/usr/lib/system/libkxld.dylib
0x0000000023ef1000 	/usr/lib/libOpenScriptingUtil.dylib
0x0000000023ef1000 	/usr/lib/libcoretls.dylib
0x0000000023ef1000 	/usr/lib/libcoretls_cfhelpers.dylib
0x0000000023ef1000 	/usr/lib/libpam.2.dylib
0x0000000023ef1000 	/usr/lib/libsqlite3.dylib
0x0000000023ef1000 	/usr/lib/libxar.1.dylib
0x0000000023ef1000 	/usr/lib/libbz2.1.0.dylib
0x0000000023ef1000 	/usr/lib/liblzma.5.dylib
0x0000000023ef1000 	/usr/lib/libnetwork.dylib
0x0000000023ef1000 	/usr/lib/libapple_nghttp2.dylib
0x0000000023ef1000 	/usr/lib/libpcap.A.dylib
0x0000000023ef1000 	/usr/lib/libboringssl.dylib
0x0000000023ef1000 	/usr/lib/libusrtcp.dylib
0x0000000023ef1000 	/usr/lib/libapple_crypto.dylib
0x0000000023ef1000 	/System/Library/Frameworks/CoreServices.framework/Versions/A/Frameworks/FSEvents.framework/Versions/A/FSEvents
0x0000000023ef1000 	/System/Library/Frameworks/CoreServices.framework/Versions/A/Frameworks/CarbonCore.framework/Versions/A/CarbonCore
0x0000000023ef1000 	/System/Library/Frameworks/CoreServices.framework/Versions/A/Frameworks/Metadata.framework/Versions/A/Metadata
0x0000000023ef1000 	/System/Library/Frameworks/CoreServices.framework/Versions/A/Frameworks/OSServices.framework/Versions/A/OSServices
0x0000000023ef1000 	/System/Library/Frameworks/CoreServices.framework/Versions/A/Frameworks/SearchKit.framework/Versions/A/SearchKit
0x0000000023ef1000 	/System/Library/Frameworks/CoreServices.framework/Versions/A/Frameworks/AE.framework/Versions/A/AE
0x0000000023ef1000 	/System/Library/Frameworks/CoreServices.framework/Versions/A/Frameworks/LaunchServices.framework/Versions/A/LaunchServices
0x0000000023ef1000 	/System/Library/Frameworks/CoreServices.framework/Versions/A/Frameworks/DictionaryServices.framework/Versions/A/DictionaryServices
0x0000000023ef1000 	/System/Library/Frameworks/CoreServices.framework/Versions/A/Frameworks/SharedFileList.framework/Versions/A/SharedFileList
0x0000000023ef1000 	/System/Library/Frameworks/NetFS.framework/Versions/A/NetFS
0x0000000023ef1000 	/System/Library/PrivateFrameworks/NetAuth.framework/Versions/A/NetAuth
0x0000000023ef1000 	/System/Library/PrivateFrameworks/login.framework/Versions/A/Frameworks/loginsupport.framework/Versions/A/loginsupport
0x0000000023ef1000 	/System/Library/PrivateFrameworks/TCC.framework/Versions/A/TCC
0x0000000023ef1000 	/usr/lib/libmecabra.dylib
0x0000000023ef1000 	/System/Library/Frameworks/ApplicationServices.framework/Versions/A/Frameworks/ATS.framework/Versions/A/ATS
0x0000000023ef1000 	/System/Library/Frameworks/ApplicationServices.framework/Versions/A/Frameworks/ColorSyncLegacy.framework/Versions/A/ColorSyncLegacy
0x0000000023ef1000 	/System/Library/Frameworks/ApplicationServices.framework/Versions/A/Frameworks/HIServices.framework/Versions/A/HIServices
0x0000000023ef1000 	/System/Library/Frameworks/ApplicationServices.framework/Versions/A/Frameworks/LangAnalysis.framework/Versions/A/LangAnalysis
0x0000000023ef1000 	/System/Library/Frameworks/ApplicationServices.framework/Versions/A/Frameworks/PrintCore.framework/Versions/A/PrintCore
0x0000000023ef1000 	/System/Library/Frameworks/ApplicationServices.framework/Versions/A/Frameworks/QD.framework/Versions/A/QD
0x0000000023ef1000 	/System/Library/Frameworks/ApplicationServices.framework/Versions/A/Frameworks/SpeechSynthesis.framework/Versions/A/SpeechSynthesis
0x0000000023ef1000 	/System/Library/Frameworks/CoreDisplay.framework/Versions/A/CoreDisplay
0x0000000023ef1000 	/System/Library/Frameworks/Accelerate.framework/Versions/A/Frameworks/vImage.framework/Versions/A/vImage
0x0000000023ef1000 	/System/Library/Frameworks/Accelerate.framework/Versions/A/Frameworks/vecLib.framework/Versions/A/vecLib
0x0000000023ef1000 	/System/Library/Frameworks/Accelerate.framework/Versions/A/Frameworks/vecLib.framework/Versions/A/libvDSP.dylib
0x0000000023ef1000 	/System/Library/Frameworks/Accelerate.framework/Versions/A/Frameworks/vecLib.framework/Versions/A/libBNNS.dylib
0x0000000023ef1000 	/System/Library/Frameworks/Accelerate.framework/Versions/A/Frameworks/vecLib.framework/Versions/A/libQuadrature.dylib
0x0000000023ef1000 	/System/Library/Frameworks/Accelerate.framework/Versions/A/Frameworks/vecLib.framework/Versions/A/libvMisc.dylib
0x0000000023ef1000 	/System/Library/Frameworks/Accelerate.framework/Versions/A/Frameworks/vecLib.framework/Versions/A/libLAPACK.dylib
0x0000000023ef1000 	/System/Library/Frameworks/Accelerate.framework/Versions/A/Frameworks/vecLib.framework/Versions/A/libBLAS.dylib
0x0000000023ef1000 	/System/Library/Frameworks/Accelerate.framework/Versions/A/Frameworks/vecLib.framework/Versions/A/libLinearAlgebra.dylib
0x0000000023ef1000 	/System/Library/Frameworks/Accelerate.framework/Versions/A/Frameworks/vecLib.framework/Versions/A/libSparse.dylib
0x0000000023ef1000 	/System/Library/Frameworks/Accelerate.framework/Versions/A/Frameworks/vecLib.framework/Versions/A/libSparseBLAS.dylib
0x0000000023ef1000 	/System/Library/PrivateFrameworks/IOAccelerator.framework/Versions/A/IOAccelerator
0x0000000023ef1000 	/System/Library/PrivateFrameworks/IOPresentment.framework/Versions/A/IOPresentment
0x0000000023ef1000 	/System/Library/PrivateFrameworks/DSExternalDisplay.framework/Versions/A/DSExternalDisplay
0x0000000023ef1000 	/System/Library/Frameworks/OpenGL.framework/Versions/A/Libraries/libCoreFSCache.dylib
0x0000000023ef1000 	/System/Library/Frameworks/CoreVideo.framework/Versions/A/CoreVideo
0x0000000023ef1000 	/System/Library/PrivateFrameworks/GraphVisualizer.framework/Versions/A/GraphVisualizer
0x0000000023ef1000 	/System/Library/Frameworks/MetalPerformanceShaders.framework/Versions/A/MetalPerformanceShaders
0x0000000023ef1000 	/usr/lib/libFosl_dynamic.dylib
0x0000000023ef1000 	/System/Library/PrivateFrameworks/FaceCore.framework/Versions/A/FaceCore
0x0000000023ef1000 	/System/Library/Frameworks/OpenCL.framework/Versions/A/OpenCL
0x0000000023ef1000 	/usr/lib/libcompression.dylib
0x0000000023ef1000 	/System/Library/Frameworks/ApplicationServices.framework/Versions/A/Frameworks/ATS.framework/Versions/A/Resources/libFontParser.dylib
0x0000000023ef1000 	/System/Library/Frameworks/ApplicationServices.framework/Versions/A/Frameworks/ATS.framework/Versions/A/Resources/libFontRegistry.dylib
0x0000000023ef1000 	/System/Library/Frameworks/ImageIO.framework/Versions/A/Resources/libJPEG.dylib
0x0000000023ef1000 	/System/Library/Frameworks/ImageIO.framework/Versions/A/Resources/libTIFF.dylib
0x0000000023ef1000 	/System/Library/Frameworks/ImageIO.framework/Versions/A/Resources/libPng.dylib
0x0000000023ef1000 	/System/Library/Frameworks/ImageIO.framework/Versions/A/Resources/libGIF.dylib
0x0000000023ef1000 	/System/Library/Frameworks/ImageIO.framework/Versions/A/Resources/libJP2.dylib
0x0000000023ef1000 	/System/Library/Frameworks/ImageIO.framework/Versions/A/Resources/libRadiance.dylib
0x0000000023ef1000 	/System/Library/PrivateFrameworks/AppleJPEG.framework/Versions/A/AppleJPEG
0x0000000023ef1000 	/System/Library/PrivateFrameworks/MetalTools.framework/Versions/A/MetalTools
0x0000000023ef1000 	/System/Library/Frameworks/MetalPerformanceShaders.framework/Frameworks/MPSCore.framework/Versions/A/MPSCore
0x0000000023ef1000 	/System/Library/Frameworks/MetalPerformanceShaders.framework/Frameworks/MPSImage.framework/Versions/A/MPSImage
0x0000000023ef1000 	/System/Library/Frameworks/MetalPerformanceShaders.framework/Frameworks/MPSMatrix.framework/Versions/A/MPSMatrix
0x0000000023ef1000 	/System/Library/Frameworks/MetalPerformanceShaders.framework/Frameworks/MPSNeuralNetwork.framework/Versions/A/MPSNeuralNetwork
0x0000000023ef1000 	/System/Library/Frameworks/OpenGL.framework/Versions/A/Libraries/libGLU.dylib
0x0000000023ef1000 	/System/Library/Frameworks/OpenGL.framework/Versions/A/Libraries/libGFXShared.dylib
0x0000000023ef1000 	/System/Library/Frameworks/OpenGL.framework/Versions/A/Libraries/libGL.dylib
0x0000000023ef1000 	/System/Library/Frameworks/OpenGL.framework/Versions/A/Libraries/libGLImage.dylib
0x0000000023ef1000 	/System/Library/Frameworks/OpenGL.framework/Versions/A/Libraries/libCVMSPluginSupport.dylib
0x0000000023ef1000 	/System/Library/Frameworks/OpenGL.framework/Versions/A/Libraries/libCoreVMClient.dylib
0x0000000023ef1000 	/usr/lib/libcups.2.dylib
0x0000000023ef1000 	/System/Library/Frameworks/Kerberos.framework/Versions/A/Kerberos
0x0000000023ef1000 	/System/Library/Frameworks/GSS.framework/Versions/A/GSS
0x0000000023ef1000 	/usr/lib/libresolv.9.dylib
0x0000000023ef1000 	/usr/lib/libiconv.2.dylib
0x0000000023ef1000 	/System/Library/PrivateFrameworks/Heimdal.framework/Versions/A/Heimdal
0x0000000023ef1000 	/usr/lib/libheimdal-asn1.dylib
0x0000000023ef1000 	/System/Library/Frameworks/OpenDirectory.framework/Versions/A/OpenDirectory
0x0000000023ef1000 	/System/Library/PrivateFrameworks/CommonAuth.framework/Versions/A/CommonAuth
0x0000000023ef1000 	/System/Library/Frameworks/OpenDirectory.framework/Versions/A/Frameworks/CFOpenDirectory.framework/Versions/A/CFOpenDirectory
0x0000000023ef1000 	/System/Library/Frameworks/SecurityFoundation.framework/Versions/A/SecurityFoundation
0x0000000023ef1000 	/System/Library/PrivateFrameworks/APFS.framework/Versions/A/APFS
0x0000000023ef1000 	/usr/lib/libutil.dylib
0x0000000023ef1000 	/System/Library/PrivateFrameworks/AppleSauce.framework/Versions/A/AppleSauce
0x0000000023ef1000 	/System/Library/PrivateFrameworks/LinguisticData.framework/Versions/A/LinguisticData
0x0000000023ef1000 	/usr/lib/libmarisa.dylib
0x0000000023ef1000 	/System/Library/PrivateFrameworks/Lexicon.framework/Versions/A/Lexicon
0x0000000023ef1000 	/usr/lib/libChineseTokenizer.dylib
0x0000000023ef1000 	/usr/lib/libcmph.dylib
0x0000000023ef1000 	/System/Library/PrivateFrameworks/LanguageModeling.framework/Versions/A/LanguageModeling
0x0000000023ef1000 	/System/Library/PrivateFrameworks/CoreEmoji.framework/Versions/A/CoreEmoji
0x0000000023ef1000 	/System/Library/Frameworks/ServiceManagement.framework/Versions/A/ServiceManagement
0x0000000023ef1000 	/System/Library/PrivateFrameworks/BackgroundTaskManagement.framework/Versions/A/BackgroundTaskManagement
0x0000000023ef1000 	/usr/lib/libxslt.1.dylib
0x0000000023ef1000 	/System/Library/Frameworks/Carbon.framework/Versions/A/Frameworks/Ink.framework/Versions/A/Ink
0x0000000023ef1000 	/System/Library/PrivateFrameworks/TextureIO.framework/Versions/A/TextureIO
0x0000000023ef1000 	/usr/lib/libate.dylib
0x0000000023ef1000 	/System/Library/PrivateFrameworks/CrashReporterSupport.framework/Versions/A/CrashReporterSupport
0x0000000023ef1000 	/System/Library/PrivateFrameworks/Sharing.framework/Versions/A/Sharing
0x0000000023ef1000 	/System/Library/PrivateFrameworks/IconServices.framework/Versions/A/IconServices
0x0000000023ef1000 	/System/Library/PrivateFrameworks/ProtocolBuffer.framework/Versions/A/ProtocolBuffer
0x0000000023ef1000 	/System/Library/PrivateFrameworks/Apple80211.framework/Versions/A/Apple80211
0x0000000023ef1000 	/System/Library/Frameworks/CoreWLAN.framework/Versions/A/CoreWLAN
0x0000000023ef1000 	/System/Library/PrivateFrameworks/CoreUtils.framework/Versions/A/CoreUtils
0x0000000023ef1000 	/System/Library/Frameworks/IOBluetooth.framework/Versions/A/IOBluetooth
0x0000000023ef1000 	/System/Library/PrivateFrameworks/CoreWiFi.framework/Versions/A/CoreWiFi
0x0000000023ef1000 	/System/Library/Frameworks/CoreBluetooth.framework/Versions/A/CoreBluetooth
0x0000000023ef1000 	/System/Library/PrivateFrameworks/SignpostNotification.framework/Versions/A/SignpostNotification
0x0000000023ef1000 	/System/Library/PrivateFrameworks/DebugSymbols.framework/Versions/A/DebugSymbols
0x0000000023ef1000 	/System/Library/PrivateFrameworks/CoreSymbolication.framework/Versions/A/CoreSymbolication
0x0000000023ef1000 	/System/Library/PrivateFrameworks/Symbolication.framework/Versions/A/Symbolication
0x0000000023ef1000 	/System/Library/PrivateFrameworks/AppleFSCompression.framework/Versions/A/AppleFSCompression
0x0000000023ef1000 	/System/Library/PrivateFrameworks/SpeechRecognitionCore.framework/Versions/A/SpeechRecognitionCore
0x000000010ee2d000 	/Library/Java/JavaVirtualMachines/jdk1.8.0_171.jdk/Contents/Home/jre/lib/server/libjvm.dylib
0x0000000023ef1000 	/usr/lib/libstdc++.6.0.9.dylib
0x000000010fddb000 	/Library/Java/JavaVirtualMachines/jdk1.8.0_171.jdk/Contents/Home/jre/lib/libverify.dylib
0x0000000110e00000 	/Library/Java/JavaVirtualMachines/jdk1.8.0_171.jdk/Contents/Home/jre/lib/libjava.dylib
0x0000000110e36000 	/Library/Java/JavaVirtualMachines/jdk1.8.0_171.jdk/Contents/Home/jre/lib/libinstrument.dylib
0x000000010fdf4000 	/Library/Java/JavaVirtualMachines/jdk1.8.0_171.jdk/Contents/Home/jre/lib/libzip.dylib
0x000000012de24000 	/Library/Java/JavaVirtualMachines/jdk1.8.0_171.jdk/Contents/Home/jre/lib/libnet.dylib
0x000000012e284000 	/Library/Java/JavaVirtualMachines/jdk1.8.0_171.jdk/Contents/Home/jre/lib/libnio.dylib
0x000000012e443000 	/private/var/folders/z9/z27bnv0x2hgctcfzyds_rsmr0000gn/T/libleveldbjni-64-1-804858072929071506.8

VM Arguments:
jvm_args: -javaagent:/Applications/IntelliJ IDEA CE.app/Contents/lib/idea_rt.jar=55196:/Applications/IntelliJ IDEA CE.app/Contents/bin -Dfile.encoding=UTF-8 
java_command: org.tron.program.Check -d output-directory/
java_class_path (initial): /Library/Java/JavaVirtualMachines/jdk1.8.0_171.jdk/Contents/Home/jre/lib/charsets.jar:/Library/Java/JavaVirtualMachines/jdk1.8.0_171.jdk/Contents/Home/jre/lib/deploy.jar:/Library/Java/JavaVirtualMachines/jdk1.8.0_171.jdk/Contents/Home/jre/lib/ext/cldrdata.jar:/Library/Java/JavaVirtualMachines/jdk1.8.0_171.jdk/Contents/Home/jre/lib/ext/dnsns.jar:/Library/Java/JavaVirtualMachines/jdk1.8.0_171.jdk/Contents/Home/jre/lib/ext/jaccess.jar:/Library/Java/JavaVirtualMachines/jdk1.8.0_171.jdk/Contents/Home/jre/lib/ext/jfxrt.jar:/Library/Java/JavaVirtualMachines/jdk1.8.0_171.jdk/Contents/Home/jre/lib/ext/localedata.jar:/Library/Java/JavaVirtualMachines/jdk1.8.0_171.jdk/Contents/Home/jre/lib/ext/nashorn.jar:/Library/Java/JavaVirtualMachines/jdk1.8.0_171.jdk/Contents/Home/jre/lib/ext/sunec.jar:/Library/Java/JavaVirtualMachines/jdk1.8.0_171.jdk/Contents/Home/jre/lib/ext/sunjce_provider.jar:/Library/Java/JavaVirtualMachines/jdk1.8.0_171.jdk/Contents/Home/jre/lib/ext/sunpkcs11.jar:/Library/Java/JavaVirtualMachines/jdk1.8.0_171.jdk/Contents/Home/jre/lib/ext/zipfs.jar:/Library/Java/JavaVirtualMachines/jdk1.8.0_171.jdk/Contents/Home/jre/lib/javaws.jar:/Library/Java/JavaVirtualMachines/jdk1.8.0_171.jdk/Contents/Home/jre/lib/jce.jar:/Library/Java/JavaVirtualMachines/jdk1.8.0_171.jdk/Contents/Home/jre/lib/jfr.jar:/Library/Java/JavaVirtualMachines/jdk1.8.0_171.jdk/Contents/Home/jre/lib/jfxswt.jar:/Library/Java/JavaVirtualMachines/jdk1.8.0_171.jdk/Contents/Home/jre/lib/jsse.jar:/Library/Java/JavaVirtualMachines/jdk1.8.0_171.jdk/Contents/Home/jre/lib/management-agent.jar:/Library/Java/JavaVirtualMachines/jdk1.8.0_171.jdk/Contents/Home/jre/lib/plugin.jar:/Library/Java/JavaVirtualMachines/jdk1.8.0_171.jdk/Contents/Home/jre/lib/resources.jar:/Library/Java/JavaVirtualMachines/jdk1.8.0_171.jdk/Contents/Home/jre/lib/rt.jar:/Library/Java/JavaVirtualMachines/jdk1.8.0_171.jdk/Contents/Home/lib/ant-javafx.jar:/Library/Java/JavaVirtualMachines/jdk1.8.0_171.jdk/Contents/Home
Launcher Type: SUN_STANDARD

Environment Variables:
PATH=/usr/local/bin:/usr/bin:/bin:/usr/sbin:/sbin:/Users/taihaofu/Documents/go/bin:/Users/taihaofu/Documents/go/bin:/Users/taihaofu/protobuf/bin
SHELL=/bin/bash

Signal Handlers:
SIGSEGV: [libjvm.dylib+0x5b512d], sa_mask[0]=11111111011111110111111111111111, sa_flags=SA_ONSTACK|SA_RESTART|SA_SIGINFO
SIGBUS: [libjvm.dylib+0x5b512d], sa_mask[0]=11111111011111110111111111111111, sa_flags=SA_RESTART|SA_SIGINFO
SIGFPE: [libjvm.dylib+0x48aa90], sa_mask[0]=11111111011111110111111111111111, sa_flags=SA_RESTART|SA_SIGINFO
SIGPIPE: [libjvm.dylib+0x48aa90], sa_mask[0]=11111111011111110111111111111111, sa_flags=SA_RESTART|SA_SIGINFO
SIGXFSZ: [libjvm.dylib+0x48aa90], sa_mask[0]=11111111011111110111111111111111, sa_flags=SA_RESTART|SA_SIGINFO
SIGILL: [libjvm.dylib+0x48aa90], sa_mask[0]=11111111011111110111111111111111, sa_flags=SA_RESTART|SA_SIGINFO
SIGUSR1: SIG_DFL, sa_mask[0]=00000000000000000000000000000000, sa_flags=none
SIGUSR2: [libjvm.dylib+0x48a5ae], sa_mask[0]=00100000000000000000000000000000, sa_flags=SA_RESTART|SA_SIGINFO
SIGHUP: [libjvm.dylib+0x488b79], sa_mask[0]=11111111011111110111111111111111, sa_flags=SA_RESTART|SA_SIGINFO
SIGINT: [libjvm.dylib+0x488b79], sa_mask[0]=11111111011111110111111111111111, sa_flags=SA_RESTART|SA_SIGINFO
SIGTERM: [libjvm.dylib+0x488b79], sa_mask[0]=11111111011111110111111111111111, sa_flags=SA_RESTART|SA_SIGINFO
SIGQUIT: [libjvm.dylib+0x488b79], sa_mask[0]=11111111011111110111111111111111, sa_flags=SA_RESTART|SA_SIGINFO


---------------  S Y S T E M  ---------------

OS:Bsduname:Darwin 17.4.0 Darwin Kernel Version 17.4.0: Sun Dec 17 09:19:54 PST 2017; root:xnu-4570.41.2~1/RELEASE_X86_64 x86_64
rlimit: STACK 8192k, CORE 0k, NPROC 1418, NOFILE 10240, AS infinity
load average:3.56 3.29 3.66

CPU:total 8 (initial active 8) (4 cores per cpu, 2 threads per core) family 6 model 70 stepping 1, cmov, cx8, fxsr, mmx, sse, sse2, sse3, ssse3, sse4.1, sse4.2, popcnt, avx, avx2, aes, clmul, erms, lzcnt, ht, tsc, tscinvbit, bmi1, bmi2

Memory: 4k page, physical 16777216k(191984k free)

/proc/meminfo:


vm_info: Java HotSpot(TM) 64-Bit Server VM (25.171-b11) for bsd-amd64 JRE (1.8.0_171-b11), built on Mar 28 2018 12:50:57 by "java_re" with gcc 4.2.1 (Based on Apple Inc. build 5658) (LLVM build 2336.11.00)

time: Thu Jan 31 16:30:40 2019
elapsed time: 1 seconds (0d 0h 0m 1s)

