#
# A fatal error has been detected by the Java Runtime Environment:
#
#  SIGSEGV (0xb) at pc=0x000000010a988b14, pid=30552, tid=0x0000000000001803
#
# JRE version: Java(TM) SE Runtime Environment (8.0_171-b11) (build 1.8.0_171-b11)
# Java VM: Java HotSpot(TM) 64-Bit Server VM (25.171-b11 mixed mode bsd-amd64 compressed oops)
# Problematic frame:
# C  [libleveldbjni-64-1-3750755092080508670.8+0x1b14]  Java_org_fusesource_leveldbjni_internal_NativeIterator_00024IteratorJNI_Valid+0x4
#
# Failed to write core dump. Core dumps have been disabled. To enable core dumping, try "ulimit -c unlimited" before starting Java again
#
# If you would like to submit a bug report, please visit:
#   http://bugreport.java.com/bugreport/crash.jsp
# The crash happened outside the Java Virtual Machine in native code.
# See problematic frame for where to report the bug.
#

---------------  T H R E A D  ---------------

Current thread (0x00007ffe33801800):  JavaThread "main" [_thread_in_native, id=6147, stack(0x0000700002ac7000,0x0000700002bc7000)]

siginfo: si_signo: 11 (SIGSEGV), si_code: 1 (SEGV_MAPERR), si_addr: 0x0000000000000000

Registers:
RAX=0x000000010a988b10, RBX=0x000000010a7e03e8, RCX=0x0000000000000098, RDX=0x0000000000000000
RSP=0x0000700002bc6270, RBP=0x0000700002bc6270, RSI=0x0000700002bc62e0, RDI=0x00007ffe338019f8
R8 =0x00007ffe31b2cd48, R9 =0x00007ffe31b2cd80, R10=0x000000010b2c763b, R11=0x0000000103ae78f7
R12=0x0000000000000000, R13=0x000000010a7e03e0, R14=0x0000700002bc62f8, R15=0x00007ffe33801800
RIP=0x000000010a988b14, EFLAGS=0x0000000000010212, ERR=0x0000000000000004
  TRAPNO=0x000000000000000e

Top of Stack: (sp=0x0000700002bc6270)
0x0000700002bc6270:   0000700002bc62d0 000000010b2c7667
0x0000700002bc6280:   000000010aaa4dbf 0000700002bc6328
0x0000700002bc6290:   0000700002bc6290 0000000000000000
0x0000700002bc62a0:   0000700002bc62f8 000000010a7e0b58
0x0000700002bc62b0:   0000000000000000 000000010a7e03e8
0x0000700002bc62c0:   0000000000000000 0000700002bc62f0
0x0000700002bc62d0:   0000700002bc6340 000000010b2b6a90
0x0000700002bc62e0:   000000076d60d1b8 000000010b2c0d00
0x0000700002bc62f0:   0000000000000000 000000076d63c598
0x0000700002bc6300:   0000700002bc6300 000000010a7df1f8
0x0000700002bc6310:   0000700002bc6350 000000010a7dfb30
0x0000700002bc6320:   0000000000000000 000000010a7df210
0x0000700002bc6330:   0000700002bc62f0 0000700002bc6350
0x0000700002bc6340:   0000700002bc6398 000000010b2b6a90
0x0000700002bc6350:   000000076d63c598 0000700002bc6358
0x0000700002bc6360:   000000010a7dd86c 0000700002bc63a8
0x0000700002bc6370:   000000010a7dde78 0000000000000000
0x0000700002bc6380:   000000010a7dd888 0000700002bc6350
0x0000700002bc6390:   0000700002bc63a8 0000700002bc63f0
0x0000700002bc63a0:   000000010b2b6ad5 000000076d63c570
0x0000700002bc63b0:   0000700002bc63b0 000000010a7e3b9b
0x0000700002bc63c0:   0000700002bc6410 000000010a7e3fb8
0x0000700002bc63d0:   0000000000000000 000000010a7e3c00
0x0000700002bc63e0:   0000700002bc63a8 0000700002bc6410
0x0000700002bc63f0:   0000700002bc6458 000000010b2b6ad5
0x0000700002bc6400:   0000000000000000 0000000000000000
0x0000700002bc6410:   000000076d63c540 0000700002bc6418
0x0000700002bc6420:   000000010a7f05bf 0000700002bc6498
0x0000700002bc6430:   000000010a7f0aa0 0000000000000000
0x0000700002bc6440:   000000010a7f0658 0000700002bc6410
0x0000700002bc6450:   0000700002bc6498 0000700002bc64e0
0x0000700002bc6460:   000000010b2b7114 0000000000000000 

Instructions: (pc=0x000000010a988b14)
0x000000010a988af4:   48 8b 02 48 89 d7 5d ff 60 18 66 90 55 48 89 e5
0x000000010a988b04:   48 8b 02 48 89 d7 5d ff 60 20 66 90 55 48 89 e5
0x000000010a988b14:   48 8b 02 48 89 d7 ff 50 10 0f b6 c0 5d c3 0f 1f
0x000000010a988b24:   80 00 00 00 00 0f 1f 80 00 00 00 00 55 48 89 e5 

Register to memory mapping:

RAX=0x000000010a988b10: Java_org_fusesource_leveldbjni_internal_NativeIterator_00024IteratorJNI_Valid+0 in /private/var/folders/z9/z27bnv0x2hgctcfzyds_rsmr0000gn/T/libleveldbjni-64-1-3750755092080508670.8 at 0x000000010a987000
RBX={method} {0x000000010a7e03e8} 'Valid' '(J)Z' in 'org/fusesource/leveldbjni/internal/NativeIterator$IteratorJNI'
RCX=0x0000000000000098 is an unknown value
RDX=0x0000000000000000 is an unknown value
RSP=0x0000700002bc6270 is pointing into the stack for thread: 0x00007ffe33801800
RBP=0x0000700002bc6270 is pointing into the stack for thread: 0x00007ffe33801800
RSI=0x0000700002bc62e0 is pointing into the stack for thread: 0x00007ffe33801800
RDI=0x00007ffe338019f8 is an unknown value
R8 =0x00007ffe31b2cd48 is an unknown value
R9 =0x00007ffe31b2cd80 is an unknown value
R10=0x000000010b2c763b is at code_begin+859 in an Interpreter codelet
method entry point (kind = native)  [0x000000010b2c72e0, 0x000000010b2c7c40]  2400 bytes
R11=0x0000000103ae78f7: throw_unsatisfied_link_error+0 in /Library/Java/JavaVirtualMachines/jdk1.8.0_171.jdk/Contents/Home/jre/lib/server/libjvm.dylib at 0x0000000103600000
R12=0x0000000000000000 is an unknown value
R13=0x000000010a7e03e0 is pointing into metadata
R14=0x0000700002bc62f8 is pointing into the stack for thread: 0x00007ffe33801800
R15=0x00007ffe33801800 is a thread


Stack: [0x0000700002ac7000,0x0000700002bc7000],  sp=0x0000700002bc6270,  free space=1020k
Native frames: (J=compiled Java code, j=interpreted, Vv=VM code, C=native code)
C  [libleveldbjni-64-1-3750755092080508670.8+0x1b14]  Java_org_fusesource_leveldbjni_internal_NativeIterator_00024IteratorJNI_Valid+0x4
j  org.fusesource.leveldbjni.internal.NativeIterator$IteratorJNI.Valid(J)Z+0
j  org.fusesource.leveldbjni.internal.NativeIterator.isValid()Z+8
j  org.fusesource.leveldbjni.internal.JniDBIterator.hasNext()Z+4
j  org.tron.core.db.common.iterator.StoreIterator.hasNext()Z+27
j  java.util.Spliterators$IteratorSpliterator.trySplit()Ljava/util/Spliterator;+55
j  java.util.stream.StreamSpliterators$UnorderedSliceSpliterator.trySplit()Ljava/util/Spliterator;+18
j  java.util.stream.ForEachOps$ForEachTask.compute()V+85
j  java.util.concurrent.CountedCompleter.exec()Z+1
j  java.util.concurrent.ForkJoinTask.doExec()I+10
j  java.util.concurrent.ForkJoinTask.doInvoke()I+1
j  java.util.concurrent.ForkJoinTask.invoke()Ljava/lang/Object;+1
j  java.util.stream.ForEachOps$ForEachOp.evaluateParallel(Ljava/util/stream/PipelineHelper;Ljava/util/Spliterator;)Ljava/lang/Void;+38
j  java.util.stream.ForEachOps$ForEachOp$OfRef.evaluateParallel(Ljava/util/stream/PipelineHelper;Ljava/util/Spliterator;)Ljava/lang/Object;+3
j  java.util.stream.AbstractPipeline.evaluate(Ljava/util/stream/TerminalOp;)Ljava/lang/Object;+68
j  java.util.stream.ReferencePipeline.forEach(Ljava/util/function/Consumer;)V+6
j  org.tron.program.Check.main([Ljava/lang/String;)V+93
v  ~StubRoutines::call_stub
V  [libjvm.dylib+0x2ef1f6]  JavaCalls::call_helper(JavaValue*, methodHandle*, JavaCallArguments*, Thread*)+0x6ae
V  [libjvm.dylib+0x326185]  jni_invoke_static(JNIEnv_*, JavaValue*, _jobject*, JNICallType, _jmethodID*, JNI_ArgumentPusher*, Thread*)+0x1bf
V  [libjvm.dylib+0x31ef11]  jni_CallStaticVoidMethod+0x15d
C  [java+0x38ca]  JavaMain+0x9c4
C  [libsystem_pthread.dylib+0x36c1]  _pthread_body+0x154
C  [libsystem_pthread.dylib+0x356d]  _pthread_body+0x0
C  [libsystem_pthread.dylib+0x2c5d]  thread_start+0xd
C  0x0000000000000000

Java frames: (J=compiled Java code, j=interpreted, Vv=VM code)
j  org.fusesource.leveldbjni.internal.NativeIterator$IteratorJNI.Valid(J)Z+0
j  org.fusesource.leveldbjni.internal.NativeIterator.isValid()Z+8
j  org.fusesource.leveldbjni.internal.JniDBIterator.hasNext()Z+4
j  org.tron.core.db.common.iterator.StoreIterator.hasNext()Z+27
j  java.util.Spliterators$IteratorSpliterator.trySplit()Ljava/util/Spliterator;+55
j  java.util.stream.StreamSpliterators$UnorderedSliceSpliterator.trySplit()Ljava/util/Spliterator;+18
j  java.util.stream.ForEachOps$ForEachTask.compute()V+85
j  java.util.concurrent.CountedCompleter.exec()Z+1
j  java.util.concurrent.ForkJoinTask.doExec()I+10
j  java.util.concurrent.ForkJoinTask.doInvoke()I+1
j  java.util.concurrent.ForkJoinTask.invoke()Ljava/lang/Object;+1
j  java.util.stream.ForEachOps$ForEachOp.evaluateParallel(Ljava/util/stream/PipelineHelper;Ljava/util/Spliterator;)Ljava/lang/Void;+38
j  java.util.stream.ForEachOps$ForEachOp$OfRef.evaluateParallel(Ljava/util/stream/PipelineHelper;Ljava/util/Spliterator;)Ljava/lang/Object;+3
j  java.util.stream.AbstractPipeline.evaluate(Ljava/util/stream/TerminalOp;)Ljava/lang/Object;+68
j  java.util.stream.ReferencePipeline.forEach(Ljava/util/function/Consumer;)V+6
j  org.tron.program.Check.main([Ljava/lang/String;)V+93
v  ~StubRoutines::call_stub

---------------  P R O C E S S  ---------------

Java Threads: ( => current thread )
  0x00007ffe3388d800 JavaThread "ForkJoinPool.commonPool-worker-1" daemon [_thread_in_vm, id=23043, stack(0x0000700004134000,0x0000700004234000)]
  0x00007ffe32143800 JavaThread "process reaper" daemon [_thread_blocked, id=22787, stack(0x0000700004109000,0x0000700004131000)]
  0x00007ffe30186800 JavaThread "Keep-Alive-Timer" daemon [_thread_blocked, id=43011, stack(0x0000700004006000,0x0000700004106000)]
  0x00007ffe30182000 JavaThread "AsyncAppender-Worker-ASYNC" daemon [_thread_blocked, id=22531, stack(0x0000700003f03000,0x0000700004003000)]
  0x00007ffe3309b800 JavaThread "Service Thread" daemon [_thread_blocked, id=16387, stack(0x0000700003cfd000,0x0000700003dfd000)]
  0x00007ffe308a6000 JavaThread "C1 CompilerThread3" daemon [_thread_in_native, id=16131, stack(0x0000700003bfa000,0x0000700003cfa000)]
  0x00007ffe308a5800 JavaThread "C2 CompilerThread2" daemon [_thread_blocked, id=15875, stack(0x0000700003af7000,0x0000700003bf7000)]
  0x00007ffe308a4800 JavaThread "C2 CompilerThread1" daemon [_thread_blocked, id=15363, stack(0x00007000039f4000,0x0000700003af4000)]
  0x00007ffe3282c000 JavaThread "C2 CompilerThread0" daemon [_thread_in_native, id=14851, stack(0x00007000038f1000,0x00007000039f1000)]
  0x00007ffe32950800 JavaThread "Monitor Ctrl-Break" daemon [_thread_in_native, id=17411, stack(0x00007000037ee000,0x00007000038ee000)]
  0x00007ffe3002d800 JavaThread "Signal Dispatcher" daemon [_thread_blocked, id=14339, stack(0x00007000036eb000,0x00007000037eb000)]
  0x00007ffe32806800 JavaThread "Finalizer" daemon [_thread_blocked, id=12291, stack(0x00007000035e8000,0x00007000036e8000)]
  0x00007ffe30003800 JavaThread "Reference Handler" daemon [_thread_blocked, id=11779, stack(0x00007000034e5000,0x00007000035e5000)]
=>0x00007ffe33801800 JavaThread "main" [_thread_in_native, id=6147, stack(0x0000700002ac7000,0x0000700002bc7000)]

Other Threads:
  0x00007ffe3101b800 VMThread [stack: 0x00007000033e2000,0x00007000034e2000] [id=19459]
  0x00007ffe3309c800 WatcherThread [stack: 0x0000700003e00000,0x0000700003f00000] [id=22019]

VM state:not at safepoint (normal execution)

VM Mutex/Monitor currently owned by a thread: None

Heap:
 PSYoungGen      total 76288K, used 45935K [0x000000076ab00000, 0x0000000770000000, 0x00000007c0000000)
  eden space 65536K, 70% used [0x000000076ab00000,0x000000076d7dbdc8,0x000000076eb00000)
  from space 10752K, 0% used [0x000000076f580000,0x000000076f580000,0x0000000770000000)
  to   space 10752K, 0% used [0x000000076eb00000,0x000000076eb00000,0x000000076f580000)
 ParOldGen       total 175104K, used 0K [0x00000006c0000000, 0x00000006cab00000, 0x000000076ab00000)
  object space 175104K, 0% used [0x00000006c0000000,0x00000006c0000000,0x00000006cab00000)
 Metaspace       used 11754K, capacity 11946K, committed 12032K, reserved 1060864K
  class space    used 1407K, capacity 1509K, committed 1536K, reserved 1048576K

Card table byte_map: [0x000000010496e000,0x000000010516f000] byte_map_base: 0x000000010136e000

Marking Bits: (ParMarkBitMap*) 0x0000000103ef76e0
 Begin Bits: [0x000000011a2af000, 0x000000011e2af000)
 End Bits:   [0x000000011e2af000, 0x00000001222af000)

Polling page: 0x0000000102456000

CodeCache: size=245760Kb used=3390Kb max_used=3390Kb free=242369Kb
 bounds [0x000000010b2af000, 0x000000010b60f000, 0x000000011a2af000]
 total_blobs=1301 nmethods=952 adapters=263
 compilation: enabled

Compilation events (10 events):
Event: 1.812 Thread 0x00007ffe308a5800 nmethod 938 0x000000010b5e1810 code [0x000000010b5e1ac0, 0x000000010b5e2b60]
Event: 1.813 Thread 0x00007ffe308a5800  943   !   4       java.util.zip.ZipFile::getEntry (101 bytes)
Event: 1.814 Thread 0x00007ffe308a4800 nmethod 940 0x000000010b5dff10 code [0x000000010b5e0080, 0x000000010b5e01c8]
Event: 1.814 Thread 0x00007ffe308a4800  942       4       java.util.zip.ZipCoder::getBytes (192 bytes)
Event: 1.814 Thread 0x00007ffe308a6000  944       3       java.nio.Buffer::position (43 bytes)
Event: 1.815 Thread 0x00007ffe308a6000 nmethod 944 0x000000010b5dfa10 code [0x000000010b5dfb80, 0x000000010b5dfe48]
Event: 1.822 Thread 0x00007ffe308a4800 nmethod 942 0x000000010b5ef650 code [0x000000010b5ef800, 0x000000010b5efdf0]
Event: 1.822 Thread 0x00007ffe308a4800  945       4       java.lang.String::indexOf (166 bytes)
Event: 1.823 Thread 0x00007ffe308a6000  946       3       java.lang.Class::checkMemberAccess (49 bytes)
Event: 1.823 Thread 0x00007ffe308a6000 nmethod 946 0x000000010b5eed90 code [0x000000010b5eef40, 0x000000010b5ef498]

GC Heap History (0 events):
No events

Deoptimization events (10 events):
Event: 0.863 Thread 0x00007ffe33801800 Uncommon trap: reason=unstable_if action=reinterpret pc=0x000000010b47edcc method=java.lang.AbstractStringBuilder.append(Ljava/lang/String;)Ljava/lang/AbstractStringBuilder; @ 1
Event: 0.931 Thread 0x00007ffe33801800 Uncommon trap: reason=class_check action=maybe_recompile pc=0x000000010b541d04 method=java.util.AbstractCollection.isEmpty()Z @ 1
Event: 0.932 Thread 0x00007ffe33801800 Uncommon trap: reason=class_check action=maybe_recompile pc=0x000000010b541d04 method=java.util.AbstractCollection.isEmpty()Z @ 1
Event: 0.932 Thread 0x00007ffe33801800 Uncommon trap: reason=class_check action=maybe_recompile pc=0x000000010b541d04 method=java.util.AbstractCollection.isEmpty()Z @ 1
Event: 0.933 Thread 0x00007ffe33801800 Uncommon trap: reason=class_check action=maybe_recompile pc=0x000000010b541d04 method=java.util.AbstractCollection.isEmpty()Z @ 1
Event: 1.127 Thread 0x00007ffe33801800 Uncommon trap: reason=unstable_if action=reinterpret pc=0x000000010b4141a4 method=java.lang.String.indexOf([CII[CIII)I @ 3
Event: 1.718 Thread 0x00007ffe33801800 Uncommon trap: reason=class_check action=maybe_recompile pc=0x000000010b553244 method=com.typesafe.config.impl.Tokenizer$TokenIterator.nextCharRaw()I @ 14
Event: 1.718 Thread 0x00007ffe33801800 Uncommon trap: reason=class_check action=maybe_recompile pc=0x000000010b553244 method=com.typesafe.config.impl.Tokenizer$TokenIterator.nextCharRaw()I @ 14
Event: 1.718 Thread 0x00007ffe33801800 Uncommon trap: reason=class_check action=maybe_recompile pc=0x000000010b553244 method=com.typesafe.config.impl.Tokenizer$TokenIterator.nextCharRaw()I @ 14
Event: 1.718 Thread 0x00007ffe33801800 Uncommon trap: reason=class_check action=maybe_recompile pc=0x000000010b553244 method=com.typesafe.config.impl.Tokenizer$TokenIterator.nextCharRaw()I @ 14

Classes redefined (0 events):
No events

Internal exceptions (10 events):
Event: 0.297 Thread 0x00007ffe33801800 Exception <a 'java/security/PrivilegedActionException'> (0x000000076aeaa3d8) thrown at [/Users/java_re/workspace/8-2-build-macosx-x86_64/jdk8u171/10807/hotspot/src/share/vm/prims/jvm.cpp, line 1435]
Event: 0.298 Thread 0x00007ffe33801800 Exception <a 'java/security/PrivilegedActionException'> (0x000000076aead708) thrown at [/Users/java_re/workspace/8-2-build-macosx-x86_64/jdk8u171/10807/hotspot/src/share/vm/prims/jvm.cpp, line 1435]
Event: 0.298 Thread 0x00007ffe33801800 Exception <a 'java/security/PrivilegedActionException'> (0x000000076aead918) thrown at [/Users/java_re/workspace/8-2-build-macosx-x86_64/jdk8u171/10807/hotspot/src/share/vm/prims/jvm.cpp, line 1435]
Event: 0.357 Thread 0x00007ffe33801800 Exception <a 'java/io/FileNotFoundException'> (0x000000076b35fe90) thrown at [/Users/java_re/workspace/8-2-build-macosx-x86_64/jdk8u171/10807/hotspot/src/share/vm/prims/jni.cpp, line 709]
Event: 0.863 Thread 0x00007ffe33801800 Implicit null exception at 0x000000010b494b35 to 0x000000010b494ef5
Event: 0.863 Thread 0x00007ffe33801800 Implicit null exception at 0x000000010b47e9f6 to 0x000000010b47edb5
Event: 1.012 Thread 0x00007ffe33801800 Exception <a 'java/lang/NoSuchFieldError': method resolution failed> (0x000000076cf78cd0) thrown at [/Users/java_re/workspace/8-2-build-macosx-x86_64/jdk8u171/10807/hotspot/src/share/vm/prims/methodHandles.cpp, line 1167]
Event: 1.015 Thread 0x00007ffe33801800 Exception <a 'java/lang/NoSuchFieldError': method resolution failed> (0x000000076cf86860) thrown at [/Users/java_re/workspace/8-2-build-macosx-x86_64/jdk8u171/10807/hotspot/src/share/vm/prims/methodHandles.cpp, line 1167]
Event: 1.157 Thread 0x00007ffe33801800 Exception <a 'java/lang/NoSuchMethodError': org.slf4j.impl.StaticMDCBinder.getSingleton()Lorg/slf4j/impl/StaticMDCBinder;> (0x000000076d20da00) thrown at [/Users/java_re/workspace/8-2-build-macosx-x86_64/jdk8u171/10807/hotspot/src/share/vm/interpreter/lin
Event: 1.738 Thread 0x00007ffe33801800 Exception <a 'sun/nio/fs/UnixException'> (0x000000076d2fd3d8) thrown at [/Users/java_re/workspace/8-2-build-macosx-x86_64/jdk8u171/10807/hotspot/src/share/vm/prims/jni.cpp, line 709]

Events (10 events):
Event: 1.823 loading class java/util/concurrent/ForkJoinPool$DefaultForkJoinWorkerThreadFactory done
Event: 1.823 loading class java/util/concurrent/ForkJoinPool$1
Event: 1.823 loading class java/util/concurrent/ForkJoinPool$1 done
Event: 1.823 loading class java/util/Spliterators$ArraySpliterator
Event: 1.823 loading class java/util/Spliterators$ArraySpliterator done
Event: 1.823 loading class java/util/concurrent/ThreadLocalRandom
Event: 1.823 loading class java/util/concurrent/ThreadLocalRandom done
Event: 1.824 Thread 0x00007ffe3388d800 Thread added: 0x00007ffe3388d800
Event: 1.824 loading class java/util/stream/StreamSpliterators$UnorderedSliceSpliterator$PermitStatus
Event: 1.824 loading class java/util/stream/StreamSpliterators$UnorderedSliceSpliterator$PermitStatus done


Dynamic libraries:
0x0000000023ef1000 	/System/Library/Frameworks/Cocoa.framework/Versions/A/Cocoa
0x0000000023ef1000 	/System/Library/Frameworks/Security.framework/Versions/A/Security
0x0000000023ef1000 	/System/Library/Frameworks/ApplicationServices.framework/Versions/A/ApplicationServices
0x0000000023ef1000 	/usr/lib/libz.1.dylib
0x0000000023ef1000 	/usr/lib/libSystem.B.dylib
0x0000000023ef1000 	/usr/lib/libobjc.A.dylib
0x0000000023ef1000 	/System/Library/Frameworks/CoreFoundation.framework/Versions/A/CoreFoundation
0x0000000023ef1000 	/System/Library/Frameworks/Foundation.framework/Versions/C/Foundation
0x0000000023ef1000 	/System/Library/Frameworks/AppKit.framework/Versions/C/AppKit
0x0000000023ef1000 	/System/Library/Frameworks/CoreData.framework/Versions/A/CoreData
0x0000000023ef1000 	/System/Library/PrivateFrameworks/RemoteViewServices.framework/Versions/A/RemoteViewServices
0x0000000023ef1000 	/System/Library/PrivateFrameworks/UIFoundation.framework/Versions/A/UIFoundation
0x0000000023ef1000 	/System/Library/PrivateFrameworks/DFRFoundation.framework/Versions/A/DFRFoundation
0x0000000023ef1000 	/System/Library/Frameworks/Metal.framework/Versions/A/Metal
0x0000000023ef1000 	/System/Library/PrivateFrameworks/DesktopServicesPriv.framework/Versions/A/DesktopServicesPriv
0x0000000023ef1000 	/usr/lib/libenergytrace.dylib
0x0000000023ef1000 	/System/Library/PrivateFrameworks/SkyLight.framework/Versions/A/SkyLight
0x0000000023ef1000 	/System/Library/Frameworks/CoreGraphics.framework/Versions/A/CoreGraphics
0x0000000023ef1000 	/usr/lib/libScreenReader.dylib
0x0000000023ef1000 	/System/Library/Frameworks/Accelerate.framework/Versions/A/Accelerate
0x0000000023ef1000 	/System/Library/Frameworks/IOSurface.framework/Versions/A/IOSurface
0x0000000023ef1000 	/System/Library/Frameworks/AudioToolbox.framework/Versions/A/AudioToolbox
0x0000000023ef1000 	/System/Library/Frameworks/AudioUnit.framework/Versions/A/AudioUnit
0x0000000023ef1000 	/System/Library/PrivateFrameworks/DataDetectorsCore.framework/Versions/A/DataDetectorsCore
0x0000000023ef1000 	/System/Library/Frameworks/Carbon.framework/Versions/A/Frameworks/HIToolbox.framework/Versions/A/HIToolbox
0x0000000023ef1000 	/usr/lib/libicucore.A.dylib
0x0000000023ef1000 	/System/Library/Frameworks/QuartzCore.framework/Versions/A/QuartzCore
0x0000000023ef1000 	/System/Library/Frameworks/Carbon.framework/Versions/A/Frameworks/SpeechRecognition.framework/Versions/A/SpeechRecognition
0x0000000023ef1000 	/usr/lib/libauto.dylib
0x0000000023ef1000 	/usr/lib/libxml2.2.dylib
0x0000000023ef1000 	/System/Library/PrivateFrameworks/CoreUI.framework/Versions/A/CoreUI
0x0000000023ef1000 	/System/Library/Frameworks/CoreAudio.framework/Versions/A/CoreAudio
0x0000000023ef1000 	/System/Library/Frameworks/DiskArbitration.framework/Versions/A/DiskArbitration
0x0000000023ef1000 	/usr/lib/liblangid.dylib
0x0000000023ef1000 	/System/Library/PrivateFrameworks/MultitouchSupport.framework/Versions/A/MultitouchSupport
0x0000000023ef1000 	/System/Library/Frameworks/IOKit.framework/Versions/A/IOKit
0x0000000023ef1000 	/usr/lib/libDiagnosticMessagesClient.dylib
0x0000000023ef1000 	/System/Library/Frameworks/CoreServices.framework/Versions/A/CoreServices
0x0000000023ef1000 	/System/Library/PrivateFrameworks/PerformanceAnalysis.framework/Versions/A/PerformanceAnalysis
0x0000000023ef1000 	/System/Library/Frameworks/OpenGL.framework/Versions/A/OpenGL
0x0000000023ef1000 	/System/Library/Frameworks/ColorSync.framework/Versions/A/ColorSync
0x0000000023ef1000 	/System/Library/Frameworks/CoreImage.framework/Versions/A/CoreImage
0x0000000023ef1000 	/System/Library/Frameworks/CoreText.framework/Versions/A/CoreText
0x0000000023ef1000 	/System/Library/Frameworks/ImageIO.framework/Versions/A/ImageIO
0x0000000023ef1000 	/System/Library/PrivateFrameworks/Backup.framework/Versions/A/Backup
0x0000000023ef1000 	/usr/lib/libarchive.2.dylib
0x0000000023ef1000 	/System/Library/Frameworks/CFNetwork.framework/Versions/A/CFNetwork
0x0000000023ef1000 	/System/Library/Frameworks/SystemConfiguration.framework/Versions/A/SystemConfiguration
0x0000000023ef1000 	/usr/lib/libCRFSuite.dylib
0x0000000023ef1000 	/usr/lib/libc++.1.dylib
0x0000000023ef1000 	/usr/lib/libc++abi.dylib
0x0000000023ef1000 	/usr/lib/system/libcache.dylib
0x0000000023ef1000 	/usr/lib/system/libcommonCrypto.dylib
0x0000000023ef1000 	/usr/lib/system/libcompiler_rt.dylib
0x0000000023ef1000 	/usr/lib/system/libcopyfile.dylib
0x0000000023ef1000 	/usr/lib/system/libcorecrypto.dylib
0x0000000023ef1000 	/usr/lib/system/libdispatch.dylib
0x0000000023ef1000 	/usr/lib/system/libdyld.dylib
0x0000000023ef1000 	/usr/lib/system/libkeymgr.dylib
0x0000000023ef1000 	/usr/lib/system/liblaunch.dylib
0x0000000023ef1000 	/usr/lib/system/libmacho.dylib
0x0000000023ef1000 	/usr/lib/system/libquarantine.dylib
0x0000000023ef1000 	/usr/lib/system/libremovefile.dylib
0x0000000023ef1000 	/usr/lib/system/libsystem_asl.dylib
0x0000000023ef1000 	/usr/lib/system/libsystem_blocks.dylib
0x0000000023ef1000 	/usr/lib/system/libsystem_c.dylib
0x0000000023ef1000 	/usr/lib/system/libsystem_configuration.dylib
0x0000000023ef1000 	/usr/lib/system/libsystem_coreservices.dylib
0x0000000023ef1000 	/usr/lib/system/libsystem_darwin.dylib
0x0000000023ef1000 	/usr/lib/system/libsystem_dnssd.dylib
0x0000000023ef1000 	/usr/lib/system/libsystem_info.dylib
0x0000000023ef1000 	/usr/lib/system/libsystem_m.dylib
0x0000000023ef1000 	/usr/lib/system/libsystem_malloc.dylib
0x0000000023ef1000 	/usr/lib/system/libsystem_network.dylib
0x0000000023ef1000 	/usr/lib/system/libsystem_networkextension.dylib
0x0000000023ef1000 	/usr/lib/system/libsystem_notify.dylib
0x0000000023ef1000 	/usr/lib/system/libsystem_sandbox.dylib
0x0000000023ef1000 	/usr/lib/system/libsystem_secinit.dylib
0x0000000023ef1000 	/usr/lib/system/libsystem_kernel.dylib
0x0000000023ef1000 	/usr/lib/system/libsystem_platform.dylib
0x0000000023ef1000 	/usr/lib/system/libsystem_pthread.dylib
0x0000000023ef1000 	/usr/lib/system/libsystem_symptoms.dylib
0x0000000023ef1000 	/usr/lib/system/libsystem_trace.dylib
0x0000000023ef1000 	/usr/lib/system/libunwind.dylib
0x0000000023ef1000 	/usr/lib/system/libxpc.dylib
0x0000000023ef1000 	/usr/lib/closure/libclosured.dylib
0x0000000023ef1000 	/usr/lib/libbsm.0.dylib
0x0000000023ef1000 	/usr/lib/system/libkxld.dylib
0x0000000023ef1000 	/usr/lib/libOpenScriptingUtil.dylib
0x0000000023ef1000 	/usr/lib/libcoretls.dylib
0x0000000023ef1000 	/usr/lib/libcoretls_cfhelpers.dylib
0x0000000023ef1000 	/usr/lib/libpam.2.dylib
0x0000000023ef1000 	/usr/lib/libsqlite3.dylib
0x0000000023ef1000 	/usr/lib/libxar.1.dylib
0x0000000023ef1000 	/usr/lib/libbz2.1.0.dylib
0x0000000023ef1000 	/usr/lib/liblzma.5.dylib
0x0000000023ef1000 	/usr/lib/libnetwork.dylib
0x0000000023ef1000 	/usr/lib/libapple_nghttp2.dylib
0x0000000023ef1000 	/usr/lib/libpcap.A.dylib
0x0000000023ef1000 	/usr/lib/libboringssl.dylib
0x0000000023ef1000 	/usr/lib/libusrtcp.dylib
0x0000000023ef1000 	/usr/lib/libapple_crypto.dylib
0x0000000023ef1000 	/System/Library/Frameworks/CoreServices.framework/Versions/A/Frameworks/FSEvents.framework/Versions/A/FSEvents
0x0000000023ef1000 	/System/Library/Frameworks/CoreServices.framework/Versions/A/Frameworks/CarbonCore.framework/Versions/A/CarbonCore
0x0000000023ef1000 	/System/Library/Frameworks/CoreServices.framework/Versions/A/Frameworks/Metadata.framework/Versions/A/Metadata
0x0000000023ef1000 	/System/Library/Frameworks/CoreServices.framework/Versions/A/Frameworks/OSServices.framework/Versions/A/OSServices
0x0000000023ef1000 	/System/Library/Frameworks/CoreServices.framework/Versions/A/Frameworks/SearchKit.framework/Versions/A/SearchKit
0x0000000023ef1000 	/System/Library/Frameworks/CoreServices.framework/Versions/A/Frameworks/AE.framework/Versions/A/AE
0x0000000023ef1000 	/System/Library/Frameworks/CoreServices.framework/Versions/A/Frameworks/LaunchServices.framework/Versions/A/LaunchServices
0x0000000023ef1000 	/System/Library/Frameworks/CoreServices.framework/Versions/A/Frameworks/DictionaryServices.framework/Versions/A/DictionaryServices
0x0000000023ef1000 	/System/Library/Frameworks/CoreServices.framework/Versions/A/Frameworks/SharedFileList.framework/Versions/A/SharedFileList
0x0000000023ef1000 	/System/Library/Frameworks/NetFS.framework/Versions/A/NetFS
0x0000000023ef1000 	/System/Library/PrivateFrameworks/NetAuth.framework/Versions/A/NetAuth
0x0000000023ef1000 	/System/Library/PrivateFrameworks/login.framework/Versions/A/Frameworks/loginsupport.framework/Versions/A/loginsupport
0x0000000023ef1000 	/System/Library/PrivateFrameworks/TCC.framework/Versions/A/TCC
0x0000000023ef1000 	/usr/lib/libmecabra.dylib
0x0000000023ef1000 	/System/Library/Frameworks/ApplicationServices.framework/Versions/A/Frameworks/ATS.framework/Versions/A/ATS
0x0000000023ef1000 	/System/Library/Frameworks/ApplicationServices.framework/Versions/A/Frameworks/ColorSyncLegacy.framework/Versions/A/ColorSyncLegacy
0x0000000023ef1000 	/System/Library/Frameworks/ApplicationServices.framework/Versions/A/Frameworks/HIServices.framework/Versions/A/HIServices
0x0000000023ef1000 	/System/Library/Frameworks/ApplicationServices.framework/Versions/A/Frameworks/LangAnalysis.framework/Versions/A/LangAnalysis
0x0000000023ef1000 	/System/Library/Frameworks/ApplicationServices.framework/Versions/A/Frameworks/PrintCore.framework/Versions/A/PrintCore
0x0000000023ef1000 	/System/Library/Frameworks/ApplicationServices.framework/Versions/A/Frameworks/QD.framework/Versions/A/QD
0x0000000023ef1000 	/System/Library/Frameworks/ApplicationServices.framework/Versions/A/Frameworks/SpeechSynthesis.framework/Versions/A/SpeechSynthesis
0x0000000023ef1000 	/System/Library/Frameworks/CoreDisplay.framework/Versions/A/CoreDisplay
0x0000000023ef1000 	/System/Library/Frameworks/Accelerate.framework/Versions/A/Frameworks/vImage.framework/Versions/A/vImage
0x0000000023ef1000 	/System/Library/Frameworks/Accelerate.framework/Versions/A/Frameworks/vecLib.framework/Versions/A/vecLib
0x0000000023ef1000 	/System/Library/Frameworks/Accelerate.framework/Versions/A/Frameworks/vecLib.framework/Versions/A/libvDSP.dylib
0x0000000023ef1000 	/System/Library/Frameworks/Accelerate.framework/Versions/A/Frameworks/vecLib.framework/Versions/A/libBNNS.dylib
0x0000000023ef1000 	/System/Library/Frameworks/Accelerate.framework/Versions/A/Frameworks/vecLib.framework/Versions/A/libQuadrature.dylib
0x0000000023ef1000 	/System/Library/Frameworks/Accelerate.framework/Versions/A/Frameworks/vecLib.framework/Versions/A/libvMisc.dylib
0x0000000023ef1000 	/System/Library/Frameworks/Accelerate.framework/Versions/A/Frameworks/vecLib.framework/Versions/A/libLAPACK.dylib
0x0000000023ef1000 	/System/Library/Frameworks/Accelerate.framework/Versions/A/Frameworks/vecLib.framework/Versions/A/libBLAS.dylib
0x0000000023ef1000 	/System/Library/Frameworks/Accelerate.framework/Versions/A/Frameworks/vecLib.framework/Versions/A/libLinearAlgebra.dylib
0x0000000023ef1000 	/System/Library/Frameworks/Accelerate.framework/Versions/A/Frameworks/vecLib.framework/Versions/A/libSparse.dylib
0x0000000023ef1000 	/System/Library/Frameworks/Accelerate.framework/Versions/A/Frameworks/vecLib.framework/Versions/A/libSparseBLAS.dylib
0x0000000023ef1000 	/System/Library/PrivateFrameworks/IOAccelerator.framework/Versions/A/IOAccelerator
0x0000000023ef1000 	/System/Library/PrivateFrameworks/IOPresentment.framework/Versions/A/IOPresentment
0x0000000023ef1000 	/System/Library/PrivateFrameworks/DSExternalDisplay.framework/Versions/A/DSExternalDisplay
0x0000000023ef1000 	/System/Library/Frameworks/OpenGL.framework/Versions/A/Libraries/libCoreFSCache.dylib
0x0000000023ef1000 	/System/Library/Frameworks/CoreVideo.framework/Versions/A/CoreVideo
0x0000000023ef1000 	/System/Library/PrivateFrameworks/GraphVisualizer.framework/Versions/A/GraphVisualizer
0x0000000023ef1000 	/System/Library/Frameworks/MetalPerformanceShaders.framework/Versions/A/MetalPerformanceShaders
0x0000000023ef1000 	/usr/lib/libFosl_dynamic.dylib
0x0000000023ef1000 	/System/Library/PrivateFrameworks/FaceCore.framework/Versions/A/FaceCore
0x0000000023ef1000 	/System/Library/Frameworks/OpenCL.framework/Versions/A/OpenCL
0x0000000023ef1000 	/usr/lib/libcompression.dylib
0x0000000023ef1000 	/System/Library/Frameworks/ApplicationServices.framework/Versions/A/Frameworks/ATS.framework/Versions/A/Resources/libFontParser.dylib
0x0000000023ef1000 	/System/Library/Frameworks/ApplicationServices.framework/Versions/A/Frameworks/ATS.framework/Versions/A/Resources/libFontRegistry.dylib
0x0000000023ef1000 	/System/Library/Frameworks/ImageIO.framework/Versions/A/Resources/libJPEG.dylib
0x0000000023ef1000 	/System/Library/Frameworks/ImageIO.framework/Versions/A/Resources/libTIFF.dylib
0x0000000023ef1000 	/System/Library/Frameworks/ImageIO.framework/Versions/A/Resources/libPng.dylib
0x0000000023ef1000 	/System/Library/Frameworks/ImageIO.framework/Versions/A/Resources/libGIF.dylib
0x0000000023ef1000 	/System/Library/Frameworks/ImageIO.framework/Versions/A/Resources/libJP2.dylib
0x0000000023ef1000 	/System/Library/Frameworks/ImageIO.framework/Versions/A/Resources/libRadiance.dylib
0x0000000023ef1000 	/System/Library/PrivateFrameworks/AppleJPEG.framework/Versions/A/AppleJPEG
0x0000000023ef1000 	/System/Library/PrivateFrameworks/MetalTools.framework/Versions/A/MetalTools
0x0000000023ef1000 	/System/Library/Frameworks/MetalPerformanceShaders.framework/Frameworks/MPSCore.framework/Versions/A/MPSCore
0x0000000023ef1000 	/System/Library/Frameworks/MetalPerformanceShaders.framework/Frameworks/MPSImage.framework/Versions/A/MPSImage
0x0000000023ef1000 	/System/Library/Frameworks/MetalPerformanceShaders.framework/Frameworks/MPSMatrix.framework/Versions/A/MPSMatrix
0x0000000023ef1000 	/System/Library/Frameworks/MetalPerformanceShaders.framework/Frameworks/MPSNeuralNetwork.framework/Versions/A/MPSNeuralNetwork
0x0000000023ef1000 	/System/Library/Frameworks/OpenGL.framework/Versions/A/Libraries/libGLU.dylib
0x0000000023ef1000 	/System/Library/Frameworks/OpenGL.framework/Versions/A/Libraries/libGFXShared.dylib
0x0000000023ef1000 	/System/Library/Frameworks/OpenGL.framework/Versions/A/Libraries/libGL.dylib
0x0000000023ef1000 	/System/Library/Frameworks/OpenGL.framework/Versions/A/Libraries/libGLImage.dylib
0x0000000023ef1000 	/System/Library/Frameworks/OpenGL.framework/Versions/A/Libraries/libCVMSPluginSupport.dylib
0x0000000023ef1000 	/System/Library/Frameworks/OpenGL.framework/Versions/A/Libraries/libCoreVMClient.dylib
0x0000000023ef1000 	/usr/lib/libcups.2.dylib
0x0000000023ef1000 	/System/Library/Frameworks/Kerberos.framework/Versions/A/Kerberos
0x0000000023ef1000 	/System/Library/Frameworks/GSS.framework/Versions/A/GSS
0x0000000023ef1000 	/usr/lib/libresolv.9.dylib
0x0000000023ef1000 	/usr/lib/libiconv.2.dylib
0x0000000023ef1000 	/System/Library/PrivateFrameworks/Heimdal.framework/Versions/A/Heimdal
0x0000000023ef1000 	/usr/lib/libheimdal-asn1.dylib
0x0000000023ef1000 	/System/Library/Frameworks/OpenDirectory.framework/Versions/A/OpenDirectory
0x0000000023ef1000 	/System/Library/PrivateFrameworks/CommonAuth.framework/Versions/A/CommonAuth
0x0000000023ef1000 	/System/Library/Frameworks/OpenDirectory.framework/Versions/A/Frameworks/CFOpenDirectory.framework/Versions/A/CFOpenDirectory
0x0000000023ef1000 	/System/Library/Frameworks/SecurityFoundation.framework/Versions/A/SecurityFoundation
0x0000000023ef1000 	/System/Library/PrivateFrameworks/APFS.framework/Versions/A/APFS
0x0000000023ef1000 	/usr/lib/libutil.dylib
0x0000000023ef1000 	/System/Library/PrivateFrameworks/AppleSauce.framework/Versions/A/AppleSauce
0x0000000023ef1000 	/System/Library/PrivateFrameworks/LinguisticData.framework/Versions/A/LinguisticData
0x0000000023ef1000 	/usr/lib/libmarisa.dylib
0x0000000023ef1000 	/System/Library/PrivateFrameworks/Lexicon.framework/Versions/A/Lexicon
0x0000000023ef1000 	/usr/lib/libChineseTokenizer.dylib
0x0000000023ef1000 	/usr/lib/libcmph.dylib
0x0000000023ef1000 	/System/Library/PrivateFrameworks/LanguageModeling.framework/Versions/A/LanguageModeling
0x0000000023ef1000 	/System/Library/PrivateFrameworks/CoreEmoji.framework/Versions/A/CoreEmoji
0x0000000023ef1000 	/System/Library/Frameworks/ServiceManagement.framework/Versions/A/ServiceManagement
0x0000000023ef1000 	/System/Library/PrivateFrameworks/BackgroundTaskManagement.framework/Versions/A/BackgroundTaskManagement
0x0000000023ef1000 	/usr/lib/libxslt.1.dylib
0x0000000023ef1000 	/System/Library/Frameworks/Carbon.framework/Versions/A/Frameworks/Ink.framework/Versions/A/Ink
0x0000000023ef1000 	/System/Library/PrivateFrameworks/TextureIO.framework/Versions/A/TextureIO
0x0000000023ef1000 	/usr/lib/libate.dylib
0x0000000023ef1000 	/System/Library/PrivateFrameworks/CrashReporterSupport.framework/Versions/A/CrashReporterSupport
0x0000000023ef1000 	/System/Library/PrivateFrameworks/Sharing.framework/Versions/A/Sharing
0x0000000023ef1000 	/System/Library/PrivateFrameworks/IconServices.framework/Versions/A/IconServices
0x0000000023ef1000 	/System/Library/PrivateFrameworks/ProtocolBuffer.framework/Versions/A/ProtocolBuffer
0x0000000023ef1000 	/System/Library/PrivateFrameworks/Apple80211.framework/Versions/A/Apple80211
0x0000000023ef1000 	/System/Library/Frameworks/CoreWLAN.framework/Versions/A/CoreWLAN
0x0000000023ef1000 	/System/Library/PrivateFrameworks/CoreUtils.framework/Versions/A/CoreUtils
0x0000000023ef1000 	/System/Library/Frameworks/IOBluetooth.framework/Versions/A/IOBluetooth
0x0000000023ef1000 	/System/Library/PrivateFrameworks/CoreWiFi.framework/Versions/A/CoreWiFi
0x0000000023ef1000 	/System/Library/Frameworks/CoreBluetooth.framework/Versions/A/CoreBluetooth
0x0000000023ef1000 	/System/Library/PrivateFrameworks/SignpostNotification.framework/Versions/A/SignpostNotification
0x0000000023ef1000 	/System/Library/PrivateFrameworks/DebugSymbols.framework/Versions/A/DebugSymbols
0x0000000023ef1000 	/System/Library/PrivateFrameworks/CoreSymbolication.framework/Versions/A/CoreSymbolication
0x0000000023ef1000 	/System/Library/PrivateFrameworks/Symbolication.framework/Versions/A/Symbolication
0x0000000023ef1000 	/System/Library/PrivateFrameworks/AppleFSCompression.framework/Versions/A/AppleFSCompression
0x0000000023ef1000 	/System/Library/PrivateFrameworks/SpeechRecognitionCore.framework/Versions/A/SpeechRecognitionCore
0x0000000103600000 	/Library/Java/JavaVirtualMachines/jdk1.8.0_171.jdk/Contents/Home/jre/lib/server/libjvm.dylib
0x0000000023ef1000 	/usr/lib/libstdc++.6.0.9.dylib
0x0000000102412000 	/Library/Java/JavaVirtualMachines/jdk1.8.0_171.jdk/Contents/Home/jre/lib/libverify.dylib
0x0000000102420000 	/Library/Java/JavaVirtualMachines/jdk1.8.0_171.jdk/Contents/Home/jre/lib/libjava.dylib
0x0000000102457000 	/Library/Java/JavaVirtualMachines/jdk1.8.0_171.jdk/Contents/Home/jre/lib/libinstrument.dylib
0x00000001024f5000 	/Library/Java/JavaVirtualMachines/jdk1.8.0_171.jdk/Contents/Home/jre/lib/libzip.dylib
0x000000010a36b000 	/Library/Java/JavaVirtualMachines/jdk1.8.0_171.jdk/Contents/Home/jre/lib/libnet.dylib
0x000000010a80c000 	/Library/Java/JavaVirtualMachines/jdk1.8.0_171.jdk/Contents/Home/jre/lib/libnio.dylib
0x000000010a987000 	/private/var/folders/z9/z27bnv0x2hgctcfzyds_rsmr0000gn/T/libleveldbjni-64-1-3750755092080508670.8

VM Arguments:
jvm_args: -javaagent:/Applications/IntelliJ IDEA CE.app/Contents/lib/idea_rt.jar=55029:/Applications/IntelliJ IDEA CE.app/Contents/bin -Dfile.encoding=UTF-8 
java_command: org.tron.program.Check -d output-directory/
java_class_path (initial): /Library/Java/JavaVirtualMachines/jdk1.8.0_171.jdk/Contents/Home/jre/lib/charsets.jar:/Library/Java/JavaVirtualMachines/jdk1.8.0_171.jdk/Contents/Home/jre/lib/deploy.jar:/Library/Java/JavaVirtualMachines/jdk1.8.0_171.jdk/Contents/Home/jre/lib/ext/cldrdata.jar:/Library/Java/JavaVirtualMachines/jdk1.8.0_171.jdk/Contents/Home/jre/lib/ext/dnsns.jar:/Library/Java/JavaVirtualMachines/jdk1.8.0_171.jdk/Contents/Home/jre/lib/ext/jaccess.jar:/Library/Java/JavaVirtualMachines/jdk1.8.0_171.jdk/Contents/Home/jre/lib/ext/jfxrt.jar:/Library/Java/JavaVirtualMachines/jdk1.8.0_171.jdk/Contents/Home/jre/lib/ext/localedata.jar:/Library/Java/JavaVirtualMachines/jdk1.8.0_171.jdk/Contents/Home/jre/lib/ext/nashorn.jar:/Library/Java/JavaVirtualMachines/jdk1.8.0_171.jdk/Contents/Home/jre/lib/ext/sunec.jar:/Library/Java/JavaVirtualMachines/jdk1.8.0_171.jdk/Contents/Home/jre/lib/ext/sunjce_provider.jar:/Library/Java/JavaVirtualMachines/jdk1.8.0_171.jdk/Contents/Home/jre/lib/ext/sunpkcs11.jar:/Library/Java/JavaVirtualMachines/jdk1.8.0_171.jdk/Contents/Home/jre/lib/ext/zipfs.jar:/Library/Java/JavaVirtualMachines/jdk1.8.0_171.jdk/Contents/Home/jre/lib/javaws.jar:/Library/Java/JavaVirtualMachines/jdk1.8.0_171.jdk/Contents/Home/jre/lib/jce.jar:/Library/Java/JavaVirtualMachines/jdk1.8.0_171.jdk/Contents/Home/jre/lib/jfr.jar:/Library/Java/JavaVirtualMachines/jdk1.8.0_171.jdk/Contents/Home/jre/lib/jfxswt.jar:/Library/Java/JavaVirtualMachines/jdk1.8.0_171.jdk/Contents/Home/jre/lib/jsse.jar:/Library/Java/JavaVirtualMachines/jdk1.8.0_171.jdk/Contents/Home/jre/lib/management-agent.jar:/Library/Java/JavaVirtualMachines/jdk1.8.0_171.jdk/Contents/Home/jre/lib/plugin.jar:/Library/Java/JavaVirtualMachines/jdk1.8.0_171.jdk/Contents/Home/jre/lib/resources.jar:/Library/Java/JavaVirtualMachines/jdk1.8.0_171.jdk/Contents/Home/jre/lib/rt.jar:/Library/Java/JavaVirtualMachines/jdk1.8.0_171.jdk/Contents/Home/lib/ant-javafx.jar:/Library/Java/JavaVirtualMachines/jdk1.8.0_171.jdk/Contents/Home
Launcher Type: SUN_STANDARD

Environment Variables:
PATH=/usr/local/bin:/usr/bin:/bin:/usr/sbin:/sbin:/Users/taihaofu/Documents/go/bin:/Users/taihaofu/Documents/go/bin:/Users/taihaofu/protobuf/bin
SHELL=/bin/bash

Signal Handlers:
SIGSEGV: [libjvm.dylib+0x5b512d], sa_mask[0]=11111111011111110111111111111111, sa_flags=SA_ONSTACK|SA_RESTART|SA_SIGINFO
SIGBUS: [libjvm.dylib+0x5b512d], sa_mask[0]=11111111011111110111111111111111, sa_flags=SA_RESTART|SA_SIGINFO
SIGFPE: [libjvm.dylib+0x48aa90], sa_mask[0]=11111111011111110111111111111111, sa_flags=SA_RESTART|SA_SIGINFO
SIGPIPE: [libjvm.dylib+0x48aa90], sa_mask[0]=11111111011111110111111111111111, sa_flags=SA_RESTART|SA_SIGINFO
SIGXFSZ: [libjvm.dylib+0x48aa90], sa_mask[0]=11111111011111110111111111111111, sa_flags=SA_RESTART|SA_SIGINFO
SIGILL: [libjvm.dylib+0x48aa90], sa_mask[0]=11111111011111110111111111111111, sa_flags=SA_RESTART|SA_SIGINFO
SIGUSR1: SIG_DFL, sa_mask[0]=00000000000000000000000000000000, sa_flags=none
SIGUSR2: [libjvm.dylib+0x48a5ae], sa_mask[0]=00100000000000000000000000000000, sa_flags=SA_RESTART|SA_SIGINFO
SIGHUP: [libjvm.dylib+0x488b79], sa_mask[0]=11111111011111110111111111111111, sa_flags=SA_RESTART|SA_SIGINFO
SIGINT: [libjvm.dylib+0x488b79], sa_mask[0]=11111111011111110111111111111111, sa_flags=SA_RESTART|SA_SIGINFO
SIGTERM: [libjvm.dylib+0x488b79], sa_mask[0]=11111111011111110111111111111111, sa_flags=SA_RESTART|SA_SIGINFO
SIGQUIT: [libjvm.dylib+0x488b79], sa_mask[0]=11111111011111110111111111111111, sa_flags=SA_RESTART|SA_SIGINFO


---------------  S Y S T E M  ---------------

OS:Bsduname:Darwin 17.4.0 Darwin Kernel Version 17.4.0: Sun Dec 17 09:19:54 PST 2017; root:xnu-4570.41.2~1/RELEASE_X86_64 x86_64
rlimit: STACK 8192k, CORE 0k, NPROC 1418, NOFILE 10240, AS infinity
load average:3.54 3.25 3.69

CPU:total 8 (initial active 8) (4 cores per cpu, 2 threads per core) family 6 model 70 stepping 1, cmov, cx8, fxsr, mmx, sse, sse2, sse3, ssse3, sse4.1, sse4.2, popcnt, avx, avx2, aes, clmul, erms, lzcnt, ht, tsc, tscinvbit, bmi1, bmi2

Memory: 4k page, physical 16777216k(413044k free)

/proc/meminfo:


vm_info: Java HotSpot(TM) 64-Bit Server VM (25.171-b11) for bsd-amd64 JRE (1.8.0_171-b11), built on Mar 28 2018 12:50:57 by "java_re" with gcc 4.2.1 (Based on Apple Inc. build 5658) (LLVM build 2336.11.00)

time: Thu Jan 31 16:29:28 2019
elapsed time: 1 seconds (0d 0h 0m 1s)

