#
# A fatal error has been detected by the Java Runtime Environment:
#
#  SIGSEGV (0xb) at pc=0x000000012ce7db14, pid=30536, tid=0x0000000000001903
#
# JRE version: Java(TM) SE Runtime Environment (8.0_171-b11) (build 1.8.0_171-b11)
# Java VM: Java HotSpot(TM) 64-Bit Server VM (25.171-b11 mixed mode bsd-amd64 compressed oops)
# Problematic frame:
# C  [libleveldbjni-64-1-3036537431721103078.8+0x1b14]  Java_org_fusesource_leveldbjni_internal_NativeIterator_00024IteratorJNI_Valid+0x4
#
# Failed to write core dump. Core dumps have been disabled. To enable core dumping, try "ulimit -c unlimited" before starting Java again
#
# If you would like to submit a bug report, please visit:
#   http://bugreport.java.com/bugreport/crash.jsp
# The crash happened outside the Java Virtual Machine in native code.
# See problematic frame for where to report the bug.
#

---------------  T H R E A D  ---------------

Current thread (0x00007ff052806000):  JavaThread "main" [_thread_in_native, id=6403, stack(0x000070000ae1d000,0x000070000af1d000)]

siginfo: si_signo: 11 (SIGSEGV), si_code: 1 (SEGV_MAPERR), si_addr: 0x0000000000000000

Registers:
RAX=0x000000012ce7db10, RBX=0x000000012cca7640, RCX=0x0000000000000098, RDX=0x0000000000000000
RSP=0x000070000af1c270, RBP=0x000070000af1c270, RSI=0x000070000af1c2e0, RDI=0x00007ff0528061f8
R8 =0x00007ff053210d48, R9 =0x00007ff053210d80, R10=0x000000011414e63b, R11=0x000000010eee78f7
R12=0x0000000000000000, R13=0x000000012cca7638, R14=0x000070000af1c2f8, R15=0x00007ff052806000
RIP=0x000000012ce7db14, EFLAGS=0x0000000000010212, ERR=0x0000000000000004
  TRAPNO=0x000000000000000e

Top of Stack: (sp=0x000070000af1c270)
0x000070000af1c270:   000070000af1c2d0 000000011414e667
0x000070000af1c280:   0000000000000000 0000000000000000
0x000070000af1c290:   000070000af1c290 0000000000000000
0x000070000af1c2a0:   000070000af1c2f8 000000012cca7db0
0x000070000af1c2b0:   0000000000000000 000000012cca7640
0x000070000af1c2c0:   0000000000000000 000070000af1c2f0
0x000070000af1c2d0:   000070000af1c340 000000011413da90
0x000070000af1c2e0:   000000076d60d2d8 0000000114147d00
0x000070000af1c2f0:   0000000000000000 000000076d63c6b8
0x000070000af1c300:   000070000af1c300 000000012cca6450
0x000070000af1c310:   000070000af1c350 000000012cca6d88
0x000070000af1c320:   0000000000000000 000000012cca6468
0x000070000af1c330:   000070000af1c2f0 000070000af1c350
0x000070000af1c340:   000070000af1c398 000000011413da90
0x000070000af1c350:   000000076d63c6b8 000070000af1c358
0x000070000af1c360:   000000012cca4ac4 000070000af1c3a8
0x000070000af1c370:   000000012cca50d0 0000000000000000
0x000070000af1c380:   000000012cca4ae0 000070000af1c350
0x000070000af1c390:   000070000af1c3a8 000070000af1c3f0
0x000070000af1c3a0:   000000011413dad5 000000076d63c690
0x000070000af1c3b0:   000070000af1c3b0 000000012ccaadf3
0x000070000af1c3c0:   000070000af1c410 000000012ccab210
0x000070000af1c3d0:   0000000000000000 000000012ccaae58
0x000070000af1c3e0:   000070000af1c3a8 000070000af1c410
0x000070000af1c3f0:   000070000af1c458 000000011413dad5
0x000070000af1c400:   0000000000000000 0000000000000000
0x000070000af1c410:   000000076d63c660 000070000af1c418
0x000070000af1c420:   000000012cc97557 000070000af1c498
0x000070000af1c430:   000000012cc97a38 0000000000000000
0x000070000af1c440:   000000012cc975f0 000070000af1c410
0x000070000af1c450:   000070000af1c498 000070000af1c4e0
0x000070000af1c460:   000000011413e114 0000000000000000 

Instructions: (pc=0x000000012ce7db14)
0x000000012ce7daf4:   48 8b 02 48 89 d7 5d ff 60 18 66 90 55 48 89 e5
0x000000012ce7db04:   48 8b 02 48 89 d7 5d ff 60 20 66 90 55 48 89 e5
0x000000012ce7db14:   48 8b 02 48 89 d7 ff 50 10 0f b6 c0 5d c3 0f 1f
0x000000012ce7db24:   80 00 00 00 00 0f 1f 80 00 00 00 00 55 48 89 e5 

Register to memory mapping:

RAX=0x000000012ce7db10: Java_org_fusesource_leveldbjni_internal_NativeIterator_00024IteratorJNI_Valid+0 in /private/var/folders/z9/z27bnv0x2hgctcfzyds_rsmr0000gn/T/libleveldbjni-64-1-3036537431721103078.8 at 0x000000012ce7c000
RBX={method} {0x000000012cca7640} 'Valid' '(J)Z' in 'org/fusesource/leveldbjni/internal/NativeIterator$IteratorJNI'
RCX=0x0000000000000098 is an unknown value
RDX=0x0000000000000000 is an unknown value
RSP=0x000070000af1c270 is pointing into the stack for thread: 0x00007ff052806000
RBP=0x000070000af1c270 is pointing into the stack for thread: 0x00007ff052806000
RSI=0x000070000af1c2e0 is pointing into the stack for thread: 0x00007ff052806000
RDI=0x00007ff0528061f8 is an unknown value
R8 =0x00007ff053210d48 is an unknown value
R9 =0x00007ff053210d80 is an unknown value
R10=0x000000011414e63b is at code_begin+859 in an Interpreter codelet
method entry point (kind = native)  [0x000000011414e2e0, 0x000000011414ec40]  2400 bytes
R11=0x000000010eee78f7: throw_unsatisfied_link_error+0 in /Library/Java/JavaVirtualMachines/jdk1.8.0_171.jdk/Contents/Home/jre/lib/server/libjvm.dylib at 0x000000010ea00000
R12=0x0000000000000000 is an unknown value
R13=0x000000012cca7638 is pointing into metadata
R14=0x000070000af1c2f8 is pointing into the stack for thread: 0x00007ff052806000
R15=0x00007ff052806000 is a thread


Stack: [0x000070000ae1d000,0x000070000af1d000],  sp=0x000070000af1c270,  free space=1020k
Native frames: (J=compiled Java code, j=interpreted, Vv=VM code, C=native code)
C  [libleveldbjni-64-1-3036537431721103078.8+0x1b14]  Java_org_fusesource_leveldbjni_internal_NativeIterator_00024IteratorJNI_Valid+0x4
j  org.fusesource.leveldbjni.internal.NativeIterator$IteratorJNI.Valid(J)Z+0
j  org.fusesource.leveldbjni.internal.NativeIterator.isValid()Z+8
j  org.fusesource.leveldbjni.internal.JniDBIterator.hasNext()Z+4
j  org.tron.core.db.common.iterator.StoreIterator.hasNext()Z+27
j  java.util.Spliterators$IteratorSpliterator.trySplit()Ljava/util/Spliterator;+55
j  java.util.stream.ForEachOps$ForEachTask.compute()V+85
j  java.util.concurrent.CountedCompleter.exec()Z+1
j  java.util.concurrent.ForkJoinTask.doExec()I+10
j  java.util.concurrent.ForkJoinTask.doInvoke()I+1
j  java.util.concurrent.ForkJoinTask.invoke()Ljava/lang/Object;+1
j  java.util.stream.ForEachOps$ForEachOp.evaluateParallel(Ljava/util/stream/PipelineHelper;Ljava/util/Spliterator;)Ljava/lang/Void;+38
j  java.util.stream.ForEachOps$ForEachOp$OfRef.evaluateParallel(Ljava/util/stream/PipelineHelper;Ljava/util/Spliterator;)Ljava/lang/Object;+3
j  java.util.stream.AbstractPipeline.evaluate(Ljava/util/stream/TerminalOp;)Ljava/lang/Object;+68
j  java.util.stream.ReferencePipeline.forEach(Ljava/util/function/Consumer;)V+6
j  java.util.stream.ReferencePipeline$Head.forEach(Ljava/util/function/Consumer;)V+22
j  org.tron.program.Check.main([Ljava/lang/String;)V+87
v  ~StubRoutines::call_stub
V  [libjvm.dylib+0x2ef1f6]  JavaCalls::call_helper(JavaValue*, methodHandle*, JavaCallArguments*, Thread*)+0x6ae
V  [libjvm.dylib+0x326185]  jni_invoke_static(JNIEnv_*, JavaValue*, _jobject*, JNICallType, _jmethodID*, JNI_ArgumentPusher*, Thread*)+0x1bf
V  [libjvm.dylib+0x31ef11]  jni_CallStaticVoidMethod+0x15d
C  [java+0x38ca]  JavaMain+0x9c4
C  [libsystem_pthread.dylib+0x36c1]  _pthread_body+0x154
C  [libsystem_pthread.dylib+0x356d]  _pthread_body+0x0
C  [libsystem_pthread.dylib+0x2c5d]  thread_start+0xd
C  0x0000000000000000

Java frames: (J=compiled Java code, j=interpreted, Vv=VM code)
j  org.fusesource.leveldbjni.internal.NativeIterator$IteratorJNI.Valid(J)Z+0
j  org.fusesource.leveldbjni.internal.NativeIterator.isValid()Z+8
j  org.fusesource.leveldbjni.internal.JniDBIterator.hasNext()Z+4
j  org.tron.core.db.common.iterator.StoreIterator.hasNext()Z+27
j  java.util.Spliterators$IteratorSpliterator.trySplit()Ljava/util/Spliterator;+55
j  java.util.stream.ForEachOps$ForEachTask.compute()V+85
j  java.util.concurrent.CountedCompleter.exec()Z+1
j  java.util.concurrent.ForkJoinTask.doExec()I+10
j  java.util.concurrent.ForkJoinTask.doInvoke()I+1
j  java.util.concurrent.ForkJoinTask.invoke()Ljava/lang/Object;+1
j  java.util.stream.ForEachOps$ForEachOp.evaluateParallel(Ljava/util/stream/PipelineHelper;Ljava/util/Spliterator;)Ljava/lang/Void;+38
j  java.util.stream.ForEachOps$ForEachOp$OfRef.evaluateParallel(Ljava/util/stream/PipelineHelper;Ljava/util/Spliterator;)Ljava/lang/Object;+3
j  java.util.stream.AbstractPipeline.evaluate(Ljava/util/stream/TerminalOp;)Ljava/lang/Object;+68
j  java.util.stream.ReferencePipeline.forEach(Ljava/util/function/Consumer;)V+6
j  java.util.stream.ReferencePipeline$Head.forEach(Ljava/util/function/Consumer;)V+22
j  org.tron.program.Check.main([Ljava/lang/String;)V+87
v  ~StubRoutines::call_stub

---------------  P R O C E S S  ---------------

Java Threads: ( => current thread )
  0x00007ff0550e5000 JavaThread "ForkJoinPool.commonPool-worker-1" daemon [_thread_in_vm, id=23811, stack(0x000070000c48a000,0x000070000c58a000)]
  0x00007ff05486b000 JavaThread "process reaper" daemon [_thread_blocked, id=23299, stack(0x000070000c45f000,0x000070000c487000)]
  0x00007ff05485f000 JavaThread "Keep-Alive-Timer" daemon [_thread_blocked, id=23043, stack(0x000070000c35c000,0x000070000c45c000)]
  0x00007ff0528be800 JavaThread "AsyncAppender-Worker-ASYNC" daemon [_thread_blocked, id=22531, stack(0x000070000c259000,0x000070000c359000)]
  0x00007ff05415e000 JavaThread "Service Thread" daemon [_thread_blocked, id=16899, stack(0x000070000c053000,0x000070000c153000)]
  0x00007ff052844800 JavaThread "C1 CompilerThread3" daemon [_thread_blocked, id=16643, stack(0x000070000bf50000,0x000070000c050000)]
  0x00007ff05281d000 JavaThread "C2 CompilerThread2" daemon [_thread_in_native, id=16131, stack(0x000070000be4d000,0x000070000bf4d000)]
  0x00007ff052004800 JavaThread "C2 CompilerThread1" daemon [_thread_blocked, id=17411, stack(0x000070000bd4a000,0x000070000be4a000)]
  0x00007ff05281c800 JavaThread "C2 CompilerThread0" daemon [_thread_in_native, id=17923, stack(0x000070000bc47000,0x000070000bd47000)]
  0x00007ff05281a800 JavaThread "Monitor Ctrl-Break" daemon [_thread_in_native, id=18435, stack(0x000070000bb44000,0x000070000bc44000)]
  0x00007ff052805000 JavaThread "Signal Dispatcher" daemon [_thread_blocked, id=18695, stack(0x000070000ba41000,0x000070000bb41000)]
  0x00007ff051813800 JavaThread "Finalizer" daemon [_thread_blocked, id=19459, stack(0x000070000b93e000,0x000070000ba3e000)]
  0x00007ff053813800 JavaThread "Reference Handler" daemon [_thread_blocked, id=12547, stack(0x000070000b83b000,0x000070000b93b000)]
=>0x00007ff052806000 JavaThread "main" [_thread_in_native, id=6403, stack(0x000070000ae1d000,0x000070000af1d000)]

Other Threads:
  0x00007ff05380f000 VMThread [stack: 0x000070000b738000,0x000070000b838000] [id=19971]
  0x00007ff05200d000 WatcherThread [stack: 0x000070000c156000,0x000070000c256000] [id=22019]

VM state:not at safepoint (normal execution)

VM Mutex/Monitor currently owned by a thread: None

Heap:
 PSYoungGen      total 76288K, used 45935K [0x000000076ab00000, 0x0000000770000000, 0x00000007c0000000)
  eden space 65536K, 70% used [0x000000076ab00000,0x000000076d7dbee8,0x000000076eb00000)
  from space 10752K, 0% used [0x000000076f580000,0x000000076f580000,0x0000000770000000)
  to   space 10752K, 0% used [0x000000076eb00000,0x000000076eb00000,0x000000076f580000)
 ParOldGen       total 175104K, used 0K [0x00000006c0000000, 0x00000006cab00000, 0x000000076ab00000)
  object space 175104K, 0% used [0x00000006c0000000,0x00000006c0000000,0x00000006cab00000)
 Metaspace       used 11686K, capacity 11914K, committed 12032K, reserved 1060864K
  class space    used 1393K, capacity 1477K, committed 1536K, reserved 1048576K

Card table byte_map: [0x000000010fd6e000,0x000000011056f000] byte_map_base: 0x000000010c76e000

Marking Bits: (ParMarkBitMap*) 0x000000010f2f76e0
 Begin Bits: [0x0000000123136000, 0x0000000127136000)
 End Bits:   [0x0000000127136000, 0x000000012b136000)

Polling page: 0x000000010d866000

CodeCache: size=245760Kb used=3402Kb max_used=3416Kb free=242357Kb
 bounds [0x0000000114136000, 0x0000000114496000, 0x0000000123136000]
 total_blobs=1298 nmethods=950 adapters=262
 compilation: enabled

Compilation events (10 events):
Event: 1.667 Thread 0x00007ff052844800  942       3       java.nio.Buffer::position (43 bytes)
Event: 1.667 Thread 0x00007ff052844800 nmethod 942 0x00000001144622d0 code [0x0000000114462440, 0x0000000114462708]
Event: 1.667 Thread 0x00007ff052844800  939       3       java.util.jar.JarEntry::<init> (6 bytes)
Event: 1.668 Thread 0x00007ff052844800 nmethod 939 0x0000000114461f50 code [0x00000001144620c0, 0x0000000114462248]
Event: 1.673 Thread 0x00007ff05281d000 nmethod 937 0x0000000114477d50 code [0x0000000114477ec0, 0x0000000114478348]
Event: 1.675 Thread 0x00007ff05281d000  938   !   4       java.util.zip.ZipFile::getEntry (101 bytes)
Event: 1.678 Thread 0x00007ff052844800  944       3       java.lang.Class::checkInitted (19 bytes)
Event: 1.678 Thread 0x00007ff052844800 nmethod 944 0x0000000114473a50 code [0x0000000114473be0, 0x0000000114473ea8]
Event: 1.678 Thread 0x00007ff052844800  943       3       java.lang.Class::checkMemberAccess (49 bytes)
Event: 1.678 Thread 0x00007ff052844800 nmethod 943 0x0000000114473190 code [0x0000000114473340, 0x0000000114473898]

GC Heap History (0 events):
No events

Deoptimization events (10 events):
Event: 0.768 Thread 0x00007ff052806000 Uncommon trap: reason=unstable_if action=reinterpret pc=0x000000011430b77c method=java.lang.AbstractStringBuilder.append(Ljava/lang/String;)Ljava/lang/AbstractStringBuilder; @ 1
Event: 0.824 Thread 0x00007ff052806000 Uncommon trap: reason=class_check action=maybe_recompile pc=0x00000001143d1d84 method=java.util.AbstractCollection.isEmpty()Z @ 1
Event: 0.825 Thread 0x00007ff052806000 Uncommon trap: reason=class_check action=maybe_recompile pc=0x00000001143d1d84 method=java.util.AbstractCollection.isEmpty()Z @ 1
Event: 0.825 Thread 0x00007ff052806000 Uncommon trap: reason=class_check action=maybe_recompile pc=0x00000001143d1d84 method=java.util.AbstractCollection.isEmpty()Z @ 1
Event: 0.826 Thread 0x00007ff052806000 Uncommon trap: reason=class_check action=maybe_recompile pc=0x00000001143d1d84 method=java.util.AbstractCollection.isEmpty()Z @ 1
Event: 0.938 Thread 0x00007ff052806000 Uncommon trap: reason=unstable_if action=reinterpret pc=0x00000001142a0270 method=java.lang.String.indexOf([CII[CIII)I @ 3
Event: 1.553 Thread 0x00007ff052806000 Uncommon trap: reason=class_check action=maybe_recompile pc=0x00000001143d2ec4 method=com.typesafe.config.impl.Tokenizer$TokenIterator.nextCharRaw()I @ 14
Event: 1.553 Thread 0x00007ff052806000 Uncommon trap: reason=class_check action=maybe_recompile pc=0x00000001143d2ec4 method=com.typesafe.config.impl.Tokenizer$TokenIterator.nextCharRaw()I @ 14
Event: 1.553 Thread 0x00007ff052806000 Uncommon trap: reason=class_check action=maybe_recompile pc=0x00000001143d2ec4 method=com.typesafe.config.impl.Tokenizer$TokenIterator.nextCharRaw()I @ 14
Event: 1.553 Thread 0x00007ff052806000 Uncommon trap: reason=class_check action=maybe_recompile pc=0x00000001143d2ec4 method=com.typesafe.config.impl.Tokenizer$TokenIterator.nextCharRaw()I @ 14

Classes redefined (0 events):
No events

Internal exceptions (10 events):
Event: 0.276 Thread 0x00007ff052806000 Exception <a 'java/security/PrivilegedActionException'> (0x000000076aeaa3f8) thrown at [/Users/java_re/workspace/8-2-build-macosx-x86_64/jdk8u171/10807/hotspot/src/share/vm/prims/jvm.cpp, line 1435]
Event: 0.277 Thread 0x00007ff052806000 Exception <a 'java/security/PrivilegedActionException'> (0x000000076aead728) thrown at [/Users/java_re/workspace/8-2-build-macosx-x86_64/jdk8u171/10807/hotspot/src/share/vm/prims/jvm.cpp, line 1435]
Event: 0.277 Thread 0x00007ff052806000 Exception <a 'java/security/PrivilegedActionException'> (0x000000076aead938) thrown at [/Users/java_re/workspace/8-2-build-macosx-x86_64/jdk8u171/10807/hotspot/src/share/vm/prims/jvm.cpp, line 1435]
Event: 0.322 Thread 0x00007ff052806000 Exception <a 'java/io/FileNotFoundException'> (0x000000076b35fe90) thrown at [/Users/java_re/workspace/8-2-build-macosx-x86_64/jdk8u171/10807/hotspot/src/share/vm/prims/jni.cpp, line 709]
Event: 0.768 Thread 0x00007ff052806000 Implicit null exception at 0x000000011431c5f5 to 0x000000011431c9b5
Event: 0.768 Thread 0x00007ff052806000 Implicit null exception at 0x000000011430b376 to 0x000000011430b765
Event: 0.892 Thread 0x00007ff052806000 Exception <a 'java/lang/NoSuchFieldError': method resolution failed> (0x000000076cf78df0) thrown at [/Users/java_re/workspace/8-2-build-macosx-x86_64/jdk8u171/10807/hotspot/src/share/vm/prims/methodHandles.cpp, line 1167]
Event: 0.893 Thread 0x00007ff052806000 Exception <a 'java/lang/NoSuchFieldError': method resolution failed> (0x000000076cf86980) thrown at [/Users/java_re/workspace/8-2-build-macosx-x86_64/jdk8u171/10807/hotspot/src/share/vm/prims/methodHandles.cpp, line 1167]
Event: 0.959 Thread 0x00007ff052806000 Exception <a 'java/lang/NoSuchMethodError': org.slf4j.impl.StaticMDCBinder.getSingleton()Lorg/slf4j/impl/StaticMDCBinder;> (0x000000076d20db20) thrown at [/Users/java_re/workspace/8-2-build-macosx-x86_64/jdk8u171/10807/hotspot/src/share/vm/interpreter/lin
Event: 1.584 Thread 0x00007ff052806000 Exception <a 'sun/nio/fs/UnixException'> (0x000000076d2fd4f8) thrown at [/Users/java_re/workspace/8-2-build-macosx-x86_64/jdk8u171/10807/hotspot/src/share/vm/prims/jni.cpp, line 709]

Events (10 events):
Event: 1.677 loading class java/util/concurrent/ForkJoinWorkerThread done
Event: 1.677 loading class java/util/concurrent/ForkJoinPool$DefaultForkJoinWorkerThreadFactory
Event: 1.677 loading class java/util/concurrent/ForkJoinPool$DefaultForkJoinWorkerThreadFactory done
Event: 1.677 loading class java/util/concurrent/ForkJoinPool$1
Event: 1.677 loading class java/util/concurrent/ForkJoinPool$1 done
Event: 1.677 loading class java/util/Spliterators$ArraySpliterator
Event: 1.677 loading class java/util/Spliterators$ArraySpliterator done
Event: 1.678 loading class java/util/concurrent/ThreadLocalRandom
Event: 1.678 loading class java/util/concurrent/ThreadLocalRandom done
Event: 1.678 Thread 0x00007ff0550e5000 Thread added: 0x00007ff0550e5000


Dynamic libraries:
0x0000000023ef1000 	/System/Library/Frameworks/Cocoa.framework/Versions/A/Cocoa
0x0000000023ef1000 	/System/Library/Frameworks/Security.framework/Versions/A/Security
0x0000000023ef1000 	/System/Library/Frameworks/ApplicationServices.framework/Versions/A/ApplicationServices
0x0000000023ef1000 	/usr/lib/libz.1.dylib
0x0000000023ef1000 	/usr/lib/libSystem.B.dylib
0x0000000023ef1000 	/usr/lib/libobjc.A.dylib
0x0000000023ef1000 	/System/Library/Frameworks/CoreFoundation.framework/Versions/A/CoreFoundation
0x0000000023ef1000 	/System/Library/Frameworks/Foundation.framework/Versions/C/Foundation
0x0000000023ef1000 	/System/Library/Frameworks/AppKit.framework/Versions/C/AppKit
0x0000000023ef1000 	/System/Library/Frameworks/CoreData.framework/Versions/A/CoreData
0x0000000023ef1000 	/System/Library/PrivateFrameworks/RemoteViewServices.framework/Versions/A/RemoteViewServices
0x0000000023ef1000 	/System/Library/PrivateFrameworks/UIFoundation.framework/Versions/A/UIFoundation
0x0000000023ef1000 	/System/Library/PrivateFrameworks/DFRFoundation.framework/Versions/A/DFRFoundation
0x0000000023ef1000 	/System/Library/Frameworks/Metal.framework/Versions/A/Metal
0x0000000023ef1000 	/System/Library/PrivateFrameworks/DesktopServicesPriv.framework/Versions/A/DesktopServicesPriv
0x0000000023ef1000 	/usr/lib/libenergytrace.dylib
0x0000000023ef1000 	/System/Library/PrivateFrameworks/SkyLight.framework/Versions/A/SkyLight
0x0000000023ef1000 	/System/Library/Frameworks/CoreGraphics.framework/Versions/A/CoreGraphics
0x0000000023ef1000 	/usr/lib/libScreenReader.dylib
0x0000000023ef1000 	/System/Library/Frameworks/Accelerate.framework/Versions/A/Accelerate
0x0000000023ef1000 	/System/Library/Frameworks/IOSurface.framework/Versions/A/IOSurface
0x0000000023ef1000 	/System/Library/Frameworks/AudioToolbox.framework/Versions/A/AudioToolbox
0x0000000023ef1000 	/System/Library/Frameworks/AudioUnit.framework/Versions/A/AudioUnit
0x0000000023ef1000 	/System/Library/PrivateFrameworks/DataDetectorsCore.framework/Versions/A/DataDetectorsCore
0x0000000023ef1000 	/System/Library/Frameworks/Carbon.framework/Versions/A/Frameworks/HIToolbox.framework/Versions/A/HIToolbox
0x0000000023ef1000 	/usr/lib/libicucore.A.dylib
0x0000000023ef1000 	/System/Library/Frameworks/QuartzCore.framework/Versions/A/QuartzCore
0x0000000023ef1000 	/System/Library/Frameworks/Carbon.framework/Versions/A/Frameworks/SpeechRecognition.framework/Versions/A/SpeechRecognition
0x0000000023ef1000 	/usr/lib/libauto.dylib
0x0000000023ef1000 	/usr/lib/libxml2.2.dylib
0x0000000023ef1000 	/System/Library/PrivateFrameworks/CoreUI.framework/Versions/A/CoreUI
0x0000000023ef1000 	/System/Library/Frameworks/CoreAudio.framework/Versions/A/CoreAudio
0x0000000023ef1000 	/System/Library/Frameworks/DiskArbitration.framework/Versions/A/DiskArbitration
0x0000000023ef1000 	/usr/lib/liblangid.dylib
0x0000000023ef1000 	/System/Library/PrivateFrameworks/MultitouchSupport.framework/Versions/A/MultitouchSupport
0x0000000023ef1000 	/System/Library/Frameworks/IOKit.framework/Versions/A/IOKit
0x0000000023ef1000 	/usr/lib/libDiagnosticMessagesClient.dylib
0x0000000023ef1000 	/System/Library/Frameworks/CoreServices.framework/Versions/A/CoreServices
0x0000000023ef1000 	/System/Library/PrivateFrameworks/PerformanceAnalysis.framework/Versions/A/PerformanceAnalysis
0x0000000023ef1000 	/System/Library/Frameworks/OpenGL.framework/Versions/A/OpenGL
0x0000000023ef1000 	/System/Library/Frameworks/ColorSync.framework/Versions/A/ColorSync
0x0000000023ef1000 	/System/Library/Frameworks/CoreImage.framework/Versions/A/CoreImage
0x0000000023ef1000 	/System/Library/Frameworks/CoreText.framework/Versions/A/CoreText
0x0000000023ef1000 	/System/Library/Frameworks/ImageIO.framework/Versions/A/ImageIO
0x0000000023ef1000 	/System/Library/PrivateFrameworks/Backup.framework/Versions/A/Backup
0x0000000023ef1000 	/usr/lib/libarchive.2.dylib
0x0000000023ef1000 	/System/Library/Frameworks/CFNetwork.framework/Versions/A/CFNetwork
0x0000000023ef1000 	/System/Library/Frameworks/SystemConfiguration.framework/Versions/A/SystemConfiguration
0x0000000023ef1000 	/usr/lib/libCRFSuite.dylib
0x0000000023ef1000 	/usr/lib/libc++.1.dylib
0x0000000023ef1000 	/usr/lib/libc++abi.dylib
0x0000000023ef1000 	/usr/lib/system/libcache.dylib
0x0000000023ef1000 	/usr/lib/system/libcommonCrypto.dylib
0x0000000023ef1000 	/usr/lib/system/libcompiler_rt.dylib
0x0000000023ef1000 	/usr/lib/system/libcopyfile.dylib
0x0000000023ef1000 	/usr/lib/system/libcorecrypto.dylib
0x0000000023ef1000 	/usr/lib/system/libdispatch.dylib
0x0000000023ef1000 	/usr/lib/system/libdyld.dylib
0x0000000023ef1000 	/usr/lib/system/libkeymgr.dylib
0x0000000023ef1000 	/usr/lib/system/liblaunch.dylib
0x0000000023ef1000 	/usr/lib/system/libmacho.dylib
0x0000000023ef1000 	/usr/lib/system/libquarantine.dylib
0x0000000023ef1000 	/usr/lib/system/libremovefile.dylib
0x0000000023ef1000 	/usr/lib/system/libsystem_asl.dylib
0x0000000023ef1000 	/usr/lib/system/libsystem_blocks.dylib
0x0000000023ef1000 	/usr/lib/system/libsystem_c.dylib
0x0000000023ef1000 	/usr/lib/system/libsystem_configuration.dylib
0x0000000023ef1000 	/usr/lib/system/libsystem_coreservices.dylib
0x0000000023ef1000 	/usr/lib/system/libsystem_darwin.dylib
0x0000000023ef1000 	/usr/lib/system/libsystem_dnssd.dylib
0x0000000023ef1000 	/usr/lib/system/libsystem_info.dylib
0x0000000023ef1000 	/usr/lib/system/libsystem_m.dylib
0x0000000023ef1000 	/usr/lib/system/libsystem_malloc.dylib
0x0000000023ef1000 	/usr/lib/system/libsystem_network.dylib
0x0000000023ef1000 	/usr/lib/system/libsystem_networkextension.dylib
0x0000000023ef1000 	/usr/lib/system/libsystem_notify.dylib
0x0000000023ef1000 	/usr/lib/system/libsystem_sandbox.dylib
0x0000000023ef1000 	/usr/lib/system/libsystem_secinit.dylib
0x0000000023ef1000 	/usr/lib/system/libsystem_kernel.dylib
0x0000000023ef1000 	/usr/lib/system/libsystem_platform.dylib
0x0000000023ef1000 	/usr/lib/system/libsystem_pthread.dylib
0x0000000023ef1000 	/usr/lib/system/libsystem_symptoms.dylib
0x0000000023ef1000 	/usr/lib/system/libsystem_trace.dylib
0x0000000023ef1000 	/usr/lib/system/libunwind.dylib
0x0000000023ef1000 	/usr/lib/system/libxpc.dylib
0x0000000023ef1000 	/usr/lib/closure/libclosured.dylib
0x0000000023ef1000 	/usr/lib/libbsm.0.dylib
0x0000000023ef1000 	/usr/lib/system/libkxld.dylib
0x0000000023ef1000 	/usr/lib/libOpenScriptingUtil.dylib
0x0000000023ef1000 	/usr/lib/libcoretls.dylib
0x0000000023ef1000 	/usr/lib/libcoretls_cfhelpers.dylib
0x0000000023ef1000 	/usr/lib/libpam.2.dylib
0x0000000023ef1000 	/usr/lib/libsqlite3.dylib
0x0000000023ef1000 	/usr/lib/libxar.1.dylib
0x0000000023ef1000 	/usr/lib/libbz2.1.0.dylib
0x0000000023ef1000 	/usr/lib/liblzma.5.dylib
0x0000000023ef1000 	/usr/lib/libnetwork.dylib
0x0000000023ef1000 	/usr/lib/libapple_nghttp2.dylib
0x0000000023ef1000 	/usr/lib/libpcap.A.dylib
0x0000000023ef1000 	/usr/lib/libboringssl.dylib
0x0000000023ef1000 	/usr/lib/libusrtcp.dylib
0x0000000023ef1000 	/usr/lib/libapple_crypto.dylib
0x0000000023ef1000 	/System/Library/Frameworks/CoreServices.framework/Versions/A/Frameworks/FSEvents.framework/Versions/A/FSEvents
0x0000000023ef1000 	/System/Library/Frameworks/CoreServices.framework/Versions/A/Frameworks/CarbonCore.framework/Versions/A/CarbonCore
0x0000000023ef1000 	/System/Library/Frameworks/CoreServices.framework/Versions/A/Frameworks/Metadata.framework/Versions/A/Metadata
0x0000000023ef1000 	/System/Library/Frameworks/CoreServices.framework/Versions/A/Frameworks/OSServices.framework/Versions/A/OSServices
0x0000000023ef1000 	/System/Library/Frameworks/CoreServices.framework/Versions/A/Frameworks/SearchKit.framework/Versions/A/SearchKit
0x0000000023ef1000 	/System/Library/Frameworks/CoreServices.framework/Versions/A/Frameworks/AE.framework/Versions/A/AE
0x0000000023ef1000 	/System/Library/Frameworks/CoreServices.framework/Versions/A/Frameworks/LaunchServices.framework/Versions/A/LaunchServices
0x0000000023ef1000 	/System/Library/Frameworks/CoreServices.framework/Versions/A/Frameworks/DictionaryServices.framework/Versions/A/DictionaryServices
0x0000000023ef1000 	/System/Library/Frameworks/CoreServices.framework/Versions/A/Frameworks/SharedFileList.framework/Versions/A/SharedFileList
0x0000000023ef1000 	/System/Library/Frameworks/NetFS.framework/Versions/A/NetFS
0x0000000023ef1000 	/System/Library/PrivateFrameworks/NetAuth.framework/Versions/A/NetAuth
0x0000000023ef1000 	/System/Library/PrivateFrameworks/login.framework/Versions/A/Frameworks/loginsupport.framework/Versions/A/loginsupport
0x0000000023ef1000 	/System/Library/PrivateFrameworks/TCC.framework/Versions/A/TCC
0x0000000023ef1000 	/usr/lib/libmecabra.dylib
0x0000000023ef1000 	/System/Library/Frameworks/ApplicationServices.framework/Versions/A/Frameworks/ATS.framework/Versions/A/ATS
0x0000000023ef1000 	/System/Library/Frameworks/ApplicationServices.framework/Versions/A/Frameworks/ColorSyncLegacy.framework/Versions/A/ColorSyncLegacy
0x0000000023ef1000 	/System/Library/Frameworks/ApplicationServices.framework/Versions/A/Frameworks/HIServices.framework/Versions/A/HIServices
0x0000000023ef1000 	/System/Library/Frameworks/ApplicationServices.framework/Versions/A/Frameworks/LangAnalysis.framework/Versions/A/LangAnalysis
0x0000000023ef1000 	/System/Library/Frameworks/ApplicationServices.framework/Versions/A/Frameworks/PrintCore.framework/Versions/A/PrintCore
0x0000000023ef1000 	/System/Library/Frameworks/ApplicationServices.framework/Versions/A/Frameworks/QD.framework/Versions/A/QD
0x0000000023ef1000 	/System/Library/Frameworks/ApplicationServices.framework/Versions/A/Frameworks/SpeechSynthesis.framework/Versions/A/SpeechSynthesis
0x0000000023ef1000 	/System/Library/Frameworks/CoreDisplay.framework/Versions/A/CoreDisplay
0x0000000023ef1000 	/System/Library/Frameworks/Accelerate.framework/Versions/A/Frameworks/vImage.framework/Versions/A/vImage
0x0000000023ef1000 	/System/Library/Frameworks/Accelerate.framework/Versions/A/Frameworks/vecLib.framework/Versions/A/vecLib
0x0000000023ef1000 	/System/Library/Frameworks/Accelerate.framework/Versions/A/Frameworks/vecLib.framework/Versions/A/libvDSP.dylib
0x0000000023ef1000 	/System/Library/Frameworks/Accelerate.framework/Versions/A/Frameworks/vecLib.framework/Versions/A/libBNNS.dylib
0x0000000023ef1000 	/System/Library/Frameworks/Accelerate.framework/Versions/A/Frameworks/vecLib.framework/Versions/A/libQuadrature.dylib
0x0000000023ef1000 	/System/Library/Frameworks/Accelerate.framework/Versions/A/Frameworks/vecLib.framework/Versions/A/libvMisc.dylib
0x0000000023ef1000 	/System/Library/Frameworks/Accelerate.framework/Versions/A/Frameworks/vecLib.framework/Versions/A/libLAPACK.dylib
0x0000000023ef1000 	/System/Library/Frameworks/Accelerate.framework/Versions/A/Frameworks/vecLib.framework/Versions/A/libBLAS.dylib
0x0000000023ef1000 	/System/Library/Frameworks/Accelerate.framework/Versions/A/Frameworks/vecLib.framework/Versions/A/libLinearAlgebra.dylib
0x0000000023ef1000 	/System/Library/Frameworks/Accelerate.framework/Versions/A/Frameworks/vecLib.framework/Versions/A/libSparse.dylib
0x0000000023ef1000 	/System/Library/Frameworks/Accelerate.framework/Versions/A/Frameworks/vecLib.framework/Versions/A/libSparseBLAS.dylib
0x0000000023ef1000 	/System/Library/PrivateFrameworks/IOAccelerator.framework/Versions/A/IOAccelerator
0x0000000023ef1000 	/System/Library/PrivateFrameworks/IOPresentment.framework/Versions/A/IOPresentment
0x0000000023ef1000 	/System/Library/PrivateFrameworks/DSExternalDisplay.framework/Versions/A/DSExternalDisplay
0x0000000023ef1000 	/System/Library/Frameworks/OpenGL.framework/Versions/A/Libraries/libCoreFSCache.dylib
0x0000000023ef1000 	/System/Library/Frameworks/CoreVideo.framework/Versions/A/CoreVideo
0x0000000023ef1000 	/System/Library/PrivateFrameworks/GraphVisualizer.framework/Versions/A/GraphVisualizer
0x0000000023ef1000 	/System/Library/Frameworks/MetalPerformanceShaders.framework/Versions/A/MetalPerformanceShaders
0x0000000023ef1000 	/usr/lib/libFosl_dynamic.dylib
0x0000000023ef1000 	/System/Library/PrivateFrameworks/FaceCore.framework/Versions/A/FaceCore
0x0000000023ef1000 	/System/Library/Frameworks/OpenCL.framework/Versions/A/OpenCL
0x0000000023ef1000 	/usr/lib/libcompression.dylib
0x0000000023ef1000 	/System/Library/Frameworks/ApplicationServices.framework/Versions/A/Frameworks/ATS.framework/Versions/A/Resources/libFontParser.dylib
0x0000000023ef1000 	/System/Library/Frameworks/ApplicationServices.framework/Versions/A/Frameworks/ATS.framework/Versions/A/Resources/libFontRegistry.dylib
0x0000000023ef1000 	/System/Library/Frameworks/ImageIO.framework/Versions/A/Resources/libJPEG.dylib
0x0000000023ef1000 	/System/Library/Frameworks/ImageIO.framework/Versions/A/Resources/libTIFF.dylib
0x0000000023ef1000 	/System/Library/Frameworks/ImageIO.framework/Versions/A/Resources/libPng.dylib
0x0000000023ef1000 	/System/Library/Frameworks/ImageIO.framework/Versions/A/Resources/libGIF.dylib
0x0000000023ef1000 	/System/Library/Frameworks/ImageIO.framework/Versions/A/Resources/libJP2.dylib
0x0000000023ef1000 	/System/Library/Frameworks/ImageIO.framework/Versions/A/Resources/libRadiance.dylib
0x0000000023ef1000 	/System/Library/PrivateFrameworks/AppleJPEG.framework/Versions/A/AppleJPEG
0x0000000023ef1000 	/System/Library/PrivateFrameworks/MetalTools.framework/Versions/A/MetalTools
0x0000000023ef1000 	/System/Library/Frameworks/MetalPerformanceShaders.framework/Frameworks/MPSCore.framework/Versions/A/MPSCore
0x0000000023ef1000 	/System/Library/Frameworks/MetalPerformanceShaders.framework/Frameworks/MPSImage.framework/Versions/A/MPSImage
0x0000000023ef1000 	/System/Library/Frameworks/MetalPerformanceShaders.framework/Frameworks/MPSMatrix.framework/Versions/A/MPSMatrix
0x0000000023ef1000 	/System/Library/Frameworks/MetalPerformanceShaders.framework/Frameworks/MPSNeuralNetwork.framework/Versions/A/MPSNeuralNetwork
0x0000000023ef1000 	/System/Library/Frameworks/OpenGL.framework/Versions/A/Libraries/libGLU.dylib
0x0000000023ef1000 	/System/Library/Frameworks/OpenGL.framework/Versions/A/Libraries/libGFXShared.dylib
0x0000000023ef1000 	/System/Library/Frameworks/OpenGL.framework/Versions/A/Libraries/libGL.dylib
0x0000000023ef1000 	/System/Library/Frameworks/OpenGL.framework/Versions/A/Libraries/libGLImage.dylib
0x0000000023ef1000 	/System/Library/Frameworks/OpenGL.framework/Versions/A/Libraries/libCVMSPluginSupport.dylib
0x0000000023ef1000 	/System/Library/Frameworks/OpenGL.framework/Versions/A/Libraries/libCoreVMClient.dylib
0x0000000023ef1000 	/usr/lib/libcups.2.dylib
0x0000000023ef1000 	/System/Library/Frameworks/Kerberos.framework/Versions/A/Kerberos
0x0000000023ef1000 	/System/Library/Frameworks/GSS.framework/Versions/A/GSS
0x0000000023ef1000 	/usr/lib/libresolv.9.dylib
0x0000000023ef1000 	/usr/lib/libiconv.2.dylib
0x0000000023ef1000 	/System/Library/PrivateFrameworks/Heimdal.framework/Versions/A/Heimdal
0x0000000023ef1000 	/usr/lib/libheimdal-asn1.dylib
0x0000000023ef1000 	/System/Library/Frameworks/OpenDirectory.framework/Versions/A/OpenDirectory
0x0000000023ef1000 	/System/Library/PrivateFrameworks/CommonAuth.framework/Versions/A/CommonAuth
0x0000000023ef1000 	/System/Library/Frameworks/OpenDirectory.framework/Versions/A/Frameworks/CFOpenDirectory.framework/Versions/A/CFOpenDirectory
0x0000000023ef1000 	/System/Library/Frameworks/SecurityFoundation.framework/Versions/A/SecurityFoundation
0x0000000023ef1000 	/System/Library/PrivateFrameworks/APFS.framework/Versions/A/APFS
0x0000000023ef1000 	/usr/lib/libutil.dylib
0x0000000023ef1000 	/System/Library/PrivateFrameworks/AppleSauce.framework/Versions/A/AppleSauce
0x0000000023ef1000 	/System/Library/PrivateFrameworks/LinguisticData.framework/Versions/A/LinguisticData
0x0000000023ef1000 	/usr/lib/libmarisa.dylib
0x0000000023ef1000 	/System/Library/PrivateFrameworks/Lexicon.framework/Versions/A/Lexicon
0x0000000023ef1000 	/usr/lib/libChineseTokenizer.dylib
0x0000000023ef1000 	/usr/lib/libcmph.dylib
0x0000000023ef1000 	/System/Library/PrivateFrameworks/LanguageModeling.framework/Versions/A/LanguageModeling
0x0000000023ef1000 	/System/Library/PrivateFrameworks/CoreEmoji.framework/Versions/A/CoreEmoji
0x0000000023ef1000 	/System/Library/Frameworks/ServiceManagement.framework/Versions/A/ServiceManagement
0x0000000023ef1000 	/System/Library/PrivateFrameworks/BackgroundTaskManagement.framework/Versions/A/BackgroundTaskManagement
0x0000000023ef1000 	/usr/lib/libxslt.1.dylib
0x0000000023ef1000 	/System/Library/Frameworks/Carbon.framework/Versions/A/Frameworks/Ink.framework/Versions/A/Ink
0x0000000023ef1000 	/System/Library/PrivateFrameworks/TextureIO.framework/Versions/A/TextureIO
0x0000000023ef1000 	/usr/lib/libate.dylib
0x0000000023ef1000 	/System/Library/PrivateFrameworks/CrashReporterSupport.framework/Versions/A/CrashReporterSupport
0x0000000023ef1000 	/System/Library/PrivateFrameworks/Sharing.framework/Versions/A/Sharing
0x0000000023ef1000 	/System/Library/PrivateFrameworks/IconServices.framework/Versions/A/IconServices
0x0000000023ef1000 	/System/Library/PrivateFrameworks/ProtocolBuffer.framework/Versions/A/ProtocolBuffer
0x0000000023ef1000 	/System/Library/PrivateFrameworks/Apple80211.framework/Versions/A/Apple80211
0x0000000023ef1000 	/System/Library/Frameworks/CoreWLAN.framework/Versions/A/CoreWLAN
0x0000000023ef1000 	/System/Library/PrivateFrameworks/CoreUtils.framework/Versions/A/CoreUtils
0x0000000023ef1000 	/System/Library/Frameworks/IOBluetooth.framework/Versions/A/IOBluetooth
0x0000000023ef1000 	/System/Library/PrivateFrameworks/CoreWiFi.framework/Versions/A/CoreWiFi
0x0000000023ef1000 	/System/Library/Frameworks/CoreBluetooth.framework/Versions/A/CoreBluetooth
0x0000000023ef1000 	/System/Library/PrivateFrameworks/SignpostNotification.framework/Versions/A/SignpostNotification
0x0000000023ef1000 	/System/Library/PrivateFrameworks/DebugSymbols.framework/Versions/A/DebugSymbols
0x0000000023ef1000 	/System/Library/PrivateFrameworks/CoreSymbolication.framework/Versions/A/CoreSymbolication
0x0000000023ef1000 	/System/Library/PrivateFrameworks/Symbolication.framework/Versions/A/Symbolication
0x0000000023ef1000 	/System/Library/PrivateFrameworks/AppleFSCompression.framework/Versions/A/AppleFSCompression
0x0000000023ef1000 	/System/Library/PrivateFrameworks/SpeechRecognitionCore.framework/Versions/A/SpeechRecognitionCore
0x000000010ea00000 	/Library/Java/JavaVirtualMachines/jdk1.8.0_171.jdk/Contents/Home/jre/lib/server/libjvm.dylib
0x0000000023ef1000 	/usr/lib/libstdc++.6.0.9.dylib
0x000000010d822000 	/Library/Java/JavaVirtualMachines/jdk1.8.0_171.jdk/Contents/Home/jre/lib/libverify.dylib
0x000000010d830000 	/Library/Java/JavaVirtualMachines/jdk1.8.0_171.jdk/Contents/Home/jre/lib/libjava.dylib
0x000000010d867000 	/Library/Java/JavaVirtualMachines/jdk1.8.0_171.jdk/Contents/Home/jre/lib/libinstrument.dylib
0x000000010d905000 	/Library/Java/JavaVirtualMachines/jdk1.8.0_171.jdk/Contents/Home/jre/lib/libzip.dylib
0x0000000113df4000 	/Library/Java/JavaVirtualMachines/jdk1.8.0_171.jdk/Contents/Home/jre/lib/libnet.dylib
0x000000012ccbd000 	/Library/Java/JavaVirtualMachines/jdk1.8.0_171.jdk/Contents/Home/jre/lib/libnio.dylib
0x000000012ce7c000 	/private/var/folders/z9/z27bnv0x2hgctcfzyds_rsmr0000gn/T/libleveldbjni-64-1-3036537431721103078.8

VM Arguments:
jvm_args: -javaagent:/Applications/IntelliJ IDEA CE.app/Contents/lib/idea_rt.jar=54912:/Applications/IntelliJ IDEA CE.app/Contents/bin -Dfile.encoding=UTF-8 
java_command: org.tron.program.Check -d output-directory/
java_class_path (initial): /Library/Java/JavaVirtualMachines/jdk1.8.0_171.jdk/Contents/Home/jre/lib/charsets.jar:/Library/Java/JavaVirtualMachines/jdk1.8.0_171.jdk/Contents/Home/jre/lib/deploy.jar:/Library/Java/JavaVirtualMachines/jdk1.8.0_171.jdk/Contents/Home/jre/lib/ext/cldrdata.jar:/Library/Java/JavaVirtualMachines/jdk1.8.0_171.jdk/Contents/Home/jre/lib/ext/dnsns.jar:/Library/Java/JavaVirtualMachines/jdk1.8.0_171.jdk/Contents/Home/jre/lib/ext/jaccess.jar:/Library/Java/JavaVirtualMachines/jdk1.8.0_171.jdk/Contents/Home/jre/lib/ext/jfxrt.jar:/Library/Java/JavaVirtualMachines/jdk1.8.0_171.jdk/Contents/Home/jre/lib/ext/localedata.jar:/Library/Java/JavaVirtualMachines/jdk1.8.0_171.jdk/Contents/Home/jre/lib/ext/nashorn.jar:/Library/Java/JavaVirtualMachines/jdk1.8.0_171.jdk/Contents/Home/jre/lib/ext/sunec.jar:/Library/Java/JavaVirtualMachines/jdk1.8.0_171.jdk/Contents/Home/jre/lib/ext/sunjce_provider.jar:/Library/Java/JavaVirtualMachines/jdk1.8.0_171.jdk/Contents/Home/jre/lib/ext/sunpkcs11.jar:/Library/Java/JavaVirtualMachines/jdk1.8.0_171.jdk/Contents/Home/jre/lib/ext/zipfs.jar:/Library/Java/JavaVirtualMachines/jdk1.8.0_171.jdk/Contents/Home/jre/lib/javaws.jar:/Library/Java/JavaVirtualMachines/jdk1.8.0_171.jdk/Contents/Home/jre/lib/jce.jar:/Library/Java/JavaVirtualMachines/jdk1.8.0_171.jdk/Contents/Home/jre/lib/jfr.jar:/Library/Java/JavaVirtualMachines/jdk1.8.0_171.jdk/Contents/Home/jre/lib/jfxswt.jar:/Library/Java/JavaVirtualMachines/jdk1.8.0_171.jdk/Contents/Home/jre/lib/jsse.jar:/Library/Java/JavaVirtualMachines/jdk1.8.0_171.jdk/Contents/Home/jre/lib/management-agent.jar:/Library/Java/JavaVirtualMachines/jdk1.8.0_171.jdk/Contents/Home/jre/lib/plugin.jar:/Library/Java/JavaVirtualMachines/jdk1.8.0_171.jdk/Contents/Home/jre/lib/resources.jar:/Library/Java/JavaVirtualMachines/jdk1.8.0_171.jdk/Contents/Home/jre/lib/rt.jar:/Library/Java/JavaVirtualMachines/jdk1.8.0_171.jdk/Contents/Home/lib/ant-javafx.jar:/Library/Java/JavaVirtualMachines/jdk1.8.0_171.jdk/Contents/Home
Launcher Type: SUN_STANDARD

Environment Variables:
PATH=/usr/local/bin:/usr/bin:/bin:/usr/sbin:/sbin:/Users/taihaofu/Documents/go/bin:/Users/taihaofu/Documents/go/bin:/Users/taihaofu/protobuf/bin
SHELL=/bin/bash

Signal Handlers:
SIGSEGV: [libjvm.dylib+0x5b512d], sa_mask[0]=11111111011111110111111111111111, sa_flags=SA_ONSTACK|SA_RESTART|SA_SIGINFO
SIGBUS: [libjvm.dylib+0x5b512d], sa_mask[0]=11111111011111110111111111111111, sa_flags=SA_RESTART|SA_SIGINFO
SIGFPE: [libjvm.dylib+0x48aa90], sa_mask[0]=11111111011111110111111111111111, sa_flags=SA_RESTART|SA_SIGINFO
SIGPIPE: [libjvm.dylib+0x48aa90], sa_mask[0]=11111111011111110111111111111111, sa_flags=SA_RESTART|SA_SIGINFO
SIGXFSZ: [libjvm.dylib+0x48aa90], sa_mask[0]=11111111011111110111111111111111, sa_flags=SA_RESTART|SA_SIGINFO
SIGILL: [libjvm.dylib+0x48aa90], sa_mask[0]=11111111011111110111111111111111, sa_flags=SA_RESTART|SA_SIGINFO
SIGUSR1: SIG_DFL, sa_mask[0]=00000000000000000000000000000000, sa_flags=none
SIGUSR2: [libjvm.dylib+0x48a5ae], sa_mask[0]=00100000000000000000000000000000, sa_flags=SA_RESTART|SA_SIGINFO
SIGHUP: [libjvm.dylib+0x488b79], sa_mask[0]=11111111011111110111111111111111, sa_flags=SA_RESTART|SA_SIGINFO
SIGINT: [libjvm.dylib+0x488b79], sa_mask[0]=11111111011111110111111111111111, sa_flags=SA_RESTART|SA_SIGINFO
SIGTERM: [libjvm.dylib+0x488b79], sa_mask[0]=11111111011111110111111111111111, sa_flags=SA_RESTART|SA_SIGINFO
SIGQUIT: [libjvm.dylib+0x488b79], sa_mask[0]=11111111011111110111111111111111, sa_flags=SA_RESTART|SA_SIGINFO


---------------  S Y S T E M  ---------------

OS:Bsduname:Darwin 17.4.0 Darwin Kernel Version 17.4.0: Sun Dec 17 09:19:54 PST 2017; root:xnu-4570.41.2~1/RELEASE_X86_64 x86_64
rlimit: STACK 8192k, CORE 0k, NPROC 1418, NOFILE 10240, AS infinity
load average:2.46 3.08 3.66

CPU:total 8 (initial active 8) (4 cores per cpu, 2 threads per core) family 6 model 70 stepping 1, cmov, cx8, fxsr, mmx, sse, sse2, sse3, ssse3, sse4.1, sse4.2, popcnt, avx, avx2, aes, clmul, erms, lzcnt, ht, tsc, tscinvbit, bmi1, bmi2

Memory: 4k page, physical 16777216k(24688k free)

/proc/meminfo:


vm_info: Java HotSpot(TM) 64-Bit Server VM (25.171-b11) for bsd-amd64 JRE (1.8.0_171-b11), built on Mar 28 2018 12:50:57 by "java_re" with gcc 4.2.1 (Based on Apple Inc. build 5658) (LLVM build 2336.11.00)

time: Thu Jan 31 16:28:42 2019
elapsed time: 1 seconds (0d 0h 0m 1s)

